#################################
STARTING SUBJECT: SUB-001, SES-01
#################################
==Copying files to processing directory== 

==Skull stripping the reference image==

'Logger' object has no attribute 'fileno'
#################################
STARTING SUBJECT: SUB-002, SES-01
#################################
local variable 'dwiscan' referenced before assignment
#################################
STARTING SUBJECT: SUB-003, SES-01
#################################
==Copying files to processing directory== 

==Skull stripping the reference image==

'Logger' object has no attribute 'fileno'
#################################
STARTING SUBJECT: SUB-004, SES-01
#################################
==Copying files to processing directory== 

==Skull stripping the reference image==

'Logger' object has no attribute 'fileno'
#################################
STARTING SUBJECT: SUB-005, SES-01
#################################
==Copying files to processing directory== 

==Skull stripping the reference image==

'Logger' object has no attribute 'fileno'
#################################
STARTING SUBJECT: SUB-006, SES-01
#################################
==Copying files to processing directory== 

