/Volumes/Vol6/YouthPTSD/scripts/sah_scripts/freersurferScripts/_151/mri
/Volumes/apps/linux/freesurfer-current/bin/talairach_avi
--i orig_nu.mgz --xfm transforms/talairach.auto.xfm
$Id: talairach_avi,v 1.13 2015/12/23 04:25:17 greve Exp $
Linux mri-thor 4.15.0-65-generic #74-Ubuntu SMP Tue Sep 17 17:06:04 UTC 2019 x86_64 x86_64 x86_64 GNU/Linux
Mon Dec  2 13:55:02 CST 2019
mri_convert orig_nu.mgz talsrcimg.img 
$Id: mri_convert.c,v 1.227 2017/02/16 19:15:42 greve Exp $
reading from orig_nu.mgz...
TR=8.16, TE=0.00, TI=0.00, flip angle=0.00
i_ras = (-1, 0, 0)
j_ras = (0, 0, -1)
k_ras = (0, 1, 0)
writing to talsrcimg.img...
Analyze Output Matrix
-1.00000   0.00000   0.00000   128.48700;
 0.00000   0.00000   1.00000  -104.32001;
 0.00000  -1.00000   0.00000   153.36960;
 0.00000   0.00000   0.00000   1.00000;
--------------------
INFO: set hdr.hist.orient to -1
mpr2mni305 talsrcimg
Mon Dec  2 13:55:03 CST 2019
/Volumes/apps/linux/freesurfer-current/bin/mpr2mni305 talsrcimg
$Id: mpr2mni305,v 1.5 2015/12/18 23:56:21 zkaufman Exp $
target=711-2C_as_mni_average_305

---------------------------------------------------------------------
analyzeto4dfp talsrcimg -O0 -y
---------------------------------------------------------------------

$Id: ifh2hdr.c,v 1.3 2007/05/05 10:45:03 nicks Exp $
Mon Dec  2 13:55:04 2019
Writing: talsrcimg.4dfp.hdr
$Id: analyzeto4dfp.c,v 1.2 2007/05/05 00:00:06 nicks Exp $
Reading: talsrcimg.hdr
header size 348 bytes
hdr.dime.datatype	offset=70	value=2
hdr.dime.bitpix		offset=72	value=8
hdr.hist.orient		offset=252	value=-1
dimensionality     4
dimensions       256       256       256         1
Reading: talsrcimg.img
Writing: talsrcimg.4dfp.img
Writing: talsrcimg.4dfp.ifh
ifh2hdr talsrcimg -r0to255
ori=2

---------------------------------------------------------------------
gauss_4dfp talsrcimg 1.1
---------------------------------------------------------------------

$Id: gauss_4dfp.c,v 1.3 2009/05/15 21:43:46 nicks Exp $
Reading: talsrcimg.4dfp.img
Writing: talsrcimg_g11.4dfp.img
image dimensions 256 256 256 padded to 288 288 288
processing volume 1$Id: ifh2hdr.c,v 1.3 2007/05/05 10:45:03 nicks Exp $
Mon Dec  2 13:55:10 2019
Writing: talsrcimg_g11.4dfp.hdr

Writing: talsrcimg_g11.4dfp.ifh
including: talsrcimg.4dfp.img.rec in talsrcimg_g11.4dfp.img.rec

---------------------------------------------------------------------
imgreg_4dfp /Volumes/apps/linux/freesurfer-current/average/711-2C_as_mni_average_305 none talsrcimg_g11 none talsrcimg_to_711-2C_as_mni_average_305_t4 4355
---------------------------------------------------------------------

$Id: imgreg_4dfp.c,v 1.4 2010/02/27 01:41:53 nicks Exp $
/Volumes/apps/linux/freesurfer-current/average/711-2C_as_mni_average_305.4dfp.img
       256       256       256         1
  1.000000  1.000000  1.000000
orientation T byte_order littleendian
Reading image: /Volumes/apps/linux/freesurfer-current/average/711-2C_as_mni_average_305.4dfp.img
dimensions:      256       256       256
mmppix:       1.0000   -1.0000   -1.0000
center:     128.0000 -129.0000 -129.0000
talsrcimg_g11.4dfp.img
       256       256       256         1
  1.000000  1.000000  1.000000
orientation T byte_order littleendian
Reading image: talsrcimg_g11.4dfp.img
dimensions:      256       256       256
mmppix:       1.0000   -1.0000   -1.0000
center:     128.0000 -129.0000 -129.0000
t4_read: open error in t4_sub.f l:  41 t4_file(1:l)talsrcimg_to_711-2C_as_mni_average_305_t4 
t4_read: transform initialized to I4
rotation matrix determinant  1.000000
image alignment mode   4355 decimal     1103 hex
   -7.5000  -45.0000  -45.0000 7261.1304   13.7365
    0.0000  -45.0000  -45.0000 7558.8706   13.7332
    7.5000  -45.0000  -45.0000 7208.2612   13.7633
   -7.5000  -37.5000  -45.0000 7797.4761   13.7434
    0.0000  -37.5000  -45.0000 8105.6538   13.7401
    7.5000  -37.5000  -45.0000 7721.0474   13.7631
   -7.5000  -30.0000  -45.0000 8586.1025   13.6949
    0.0000  -30.0000  -45.0000 8936.1084   13.6924
    7.5000  -30.0000  -45.0000 8504.4551   13.7123
   -7.5000  -22.5000  -45.0000 9307.9941   13.6255
    0.0000  -22.5000  -45.0000 9669.9092   13.6235
    7.5000  -22.5000  -45.0000 9210.0127   13.6490
   -7.5000  -15.0000  -45.0000 9934.2666   13.6157
    0.0000  -15.0000  -45.000010339.0908   13.6133
    7.5000  -15.0000  -45.0000 9850.2783   13.6473
   -7.5000   -7.5000  -45.000010530.1699   13.6779
    0.0000   -7.5000  -45.000010969.5088   13.6751
    7.5000   -7.5000  -45.000010445.8184   13.7108
   -7.5000    0.0000  -45.000011117.4873   13.7365
    0.0000    0.0000  -45.000011538.3076   13.7332
    7.5000    0.0000  -45.000011009.1738   13.7633
   -7.5000    7.5000  -45.000010907.5088   13.7434
    0.0000    7.5000  -45.000011313.2881   13.7401
    7.5000    7.5000  -45.000010775.5342   13.7631
   -7.5000   15.0000  -45.000010455.6230   13.6949
    0.0000   15.0000  -45.000010851.2754   13.6924
    7.5000   15.0000  -45.000010326.5459   13.7123
   -7.5000   22.5000  -45.0000 9850.8066   13.6237
    0.0000   22.5000  -45.000010220.2090   13.6216
    7.5000   22.5000  -45.0000 9701.2188   13.6471
   -7.5000   30.0000  -45.0000 9103.3799   13.4342
    0.0000   30.0000  -45.0000 9435.6582   13.4319
    7.5000   30.0000  -45.0000 8946.6592   13.4654
   -7.5000   37.5000  -45.0000 8663.3037   13.4956
    0.0000   37.5000  -45.0000 8980.4697   13.4929
    7.5000   37.5000  -45.0000 8489.8359   13.5280
   -7.5000   45.0000  -45.0000 7905.6655   13.2093
    0.0000   45.0000  -45.0000 8202.0098   13.2061
    7.5000   45.0000  -45.0000 7734.8872   13.2351
   -7.5000  -45.0000  -37.5000 7726.1621   13.4798
    0.0000  -45.0000  -37.5000 8010.0137   13.4742
    7.5000  -45.0000  -37.5000 7656.9087   13.4950
   -7.5000  -37.5000  -37.5000 8300.2744   13.4870
    0.0000  -37.5000  -37.5000 8587.4229   13.4801
    7.5000  -37.5000  -37.5000 8195.9834   13.4939
   -7.5000  -30.0000  -37.5000 9154.4971   13.4419
    0.0000  -30.0000  -37.5000 9462.1689   13.4327
    7.5000  -30.0000  -37.5000 9019.7881   13.4426
   -7.5000  -22.5000  -37.5000 9902.0439   13.3764
    0.0000  -22.5000  -37.500010239.7686   13.3660
    7.5000  -22.5000  -37.5000 9734.9746   13.3807
   -7.5000  -15.0000  -37.500010550.2393   13.3669
    0.0000  -15.0000  -37.500010909.6260   13.3569
    7.5000  -15.0000  -37.500010399.8721   13.3791
   -7.5000   -7.5000  -37.500011150.1357   13.4249
    0.0000   -7.5000  -37.500011526.5381   13.4175
    7.5000   -7.5000  -37.500011013.2607   13.4420
   -7.5000    0.0000  -37.500011791.5068   13.4798
    0.0000    0.0000  -37.500012162.7773   13.4742
    7.5000    0.0000  -37.500011624.6299   13.4950
   -7.5000    7.5000  -37.500011545.9521   13.4870
    0.0000    7.5000  -37.500011925.5127   13.4801
    7.5000    7.5000  -37.500011383.1113   13.4939
   -7.5000   15.0000  -37.500011058.8994   13.4419
    0.0000   15.0000  -37.500011427.2842   13.4327
    7.5000   15.0000  -37.500010889.3662   13.4426
   -7.5000   22.5000  -37.500010397.5762   13.3746
    0.0000   22.5000  -37.500010716.5703   13.3641
    7.5000   22.5000  -37.500010202.1465   13.3788
   -7.5000   30.0000  -37.5000 9570.4551   13.1888
    0.0000   30.0000  -37.5000 9886.4316   13.1789
    7.5000   30.0000  -37.5000 9388.0605   13.2008
   -7.5000   37.5000  -37.5000 9077.6123   13.2460
    0.0000   37.5000  -37.5000 9385.6523   13.2387
    7.5000   37.5000  -37.5000 8899.6953   13.2629
   -7.5000   45.0000  -37.5000 8267.7432   12.9624
    0.0000   45.0000  -37.5000 8562.9248   12.9571
    7.5000   45.0000  -37.5000 8101.7983   12.9771
   -7.5000  -45.0000  -30.0000 8363.1230   13.8349
    0.0000  -45.0000  -30.0000 8655.3818   13.8383
    7.5000  -45.0000  -30.0000 8251.3896   13.8591
   -7.5000  -37.5000  -30.0000 8983.8203   13.8437
    0.0000  -37.5000  -30.0000 9285.3574   13.8449
    7.5000  -37.5000  -30.0000 8850.5898   13.8602
   -7.5000  -30.0000  -30.0000 9900.3184   13.8040
    0.0000  -30.0000  -30.000010217.7266   13.7991
    7.5000  -30.0000  -30.0000 9724.4902   13.8098
   -7.5000  -22.5000  -30.000010708.2666   13.7426
    0.0000  -22.5000  -30.000011054.9902   13.7339
    7.5000  -22.5000  -30.000010519.9102   13.7468
   -7.5000  -15.0000  -30.000011425.6094   13.7326
    0.0000  -15.0000  -30.000011786.0410   13.7251
    7.5000  -15.0000  -30.000011244.5547   13.7437
   -7.5000   -7.5000  -30.000012048.2959   13.7851
    0.0000   -7.5000  -30.000012426.6533   13.7835
    7.5000   -7.5000  -30.000011882.8271   13.8054
   -7.5000    0.0000  -30.000012688.0918   13.8349
    0.0000    0.0000  -30.000013077.3662   13.8383
    7.5000    0.0000  -30.000012495.0020   13.8591
   -7.5000    7.5000  -30.000012405.3281   13.8437
    0.0000    7.5000  -30.000012784.5840   13.8449
    7.5000    7.5000  -30.000012210.3555   13.8602
   -7.5000   15.0000  -30.000011876.3203   13.8040
    0.0000   15.0000  -30.000012235.0713   13.7991
    7.5000   15.0000  -30.000011678.8428   13.8098
   -7.5000   22.5000  -30.000011123.5947   13.7393
    0.0000   22.5000  -30.000011459.4551   13.7306
    7.5000   22.5000  -30.000010936.3662   13.7435
   -7.5000   30.0000  -30.000010215.6562   13.5509
    0.0000   30.0000  -30.000010539.3184   13.5435
    7.5000   30.0000  -30.000010048.0488   13.5618
   -7.5000   37.5000  -30.0000 9693.0781   13.6027
    0.0000   37.5000  -30.0000 9991.2080   13.6012
    7.5000   37.5000  -30.0000 9503.8623   13.6228
   -7.5000   45.0000  -30.0000 8806.1680   13.3137
    0.0000   45.0000  -30.0000 9088.3984   13.3170
    7.5000   45.0000  -30.0000 8638.6338   13.3369
   -7.5000  -45.0000  -22.5000 9070.5859   14.1830
    0.0000  -45.0000  -22.5000 9367.5967   14.1995
    7.5000  -45.0000  -22.5000 8944.6289   14.2309
   -7.5000  -37.5000  -22.5000 9739.5693   14.1929
    0.0000  -37.5000  -22.500010058.8916   14.2083
    7.5000  -37.5000  -22.5000 9593.4424   14.2357
   -7.5000  -30.0000  -22.500010722.7363   14.1554
    0.0000  -30.0000  -22.500011058.4111   14.1658
    7.5000  -30.0000  -22.500010542.7158   14.1895
   -7.5000  -22.5000  -22.500011579.3105   14.0948
    0.0000  -22.5000  -22.500011968.7461   14.1015
    7.5000  -22.5000  -22.500011422.5156   14.1259
   -7.5000  -15.0000  -22.500012352.4404   14.0842
    0.0000  -15.0000  -22.500012783.4229   14.0919
    7.5000  -15.0000  -22.500012196.3525   14.1206
   -7.5000   -7.5000  -22.500013010.0986   14.1349
    0.0000   -7.5000  -22.500013466.8643   14.1474
    7.5000   -7.5000  -22.500012871.5820   14.1792
   -7.5000    0.0000  -22.500013665.5830   14.1830
    0.0000    0.0000  -22.500014114.9043   14.1995
    7.5000    0.0000  -22.500013513.2598   14.2309
   -7.5000    7.5000  -22.500013314.5723   14.1929
    0.0000    7.5000  -22.500013754.5088   14.2083
    7.5000    7.5000  -22.500013184.0840   14.2357
   -7.5000   15.0000  -22.500012760.3691   14.1554
    0.0000   15.0000  -22.500013172.1104   14.1658
    7.5000   15.0000  -22.500012614.7588   14.1895
   -7.5000   22.5000  -22.500011968.6670   14.0904
    0.0000   22.5000  -22.500012348.1885   14.0971
    7.5000   22.5000  -22.500011834.1992   14.1216
   -7.5000   30.0000  -22.500010985.1406   13.9000
    0.0000   30.0000  -22.500011327.9473   13.9076
    7.5000   30.0000  -22.500010878.5488   13.9359
   -7.5000   37.5000  -22.500010382.6318   13.9500
    0.0000   37.5000  -22.500010705.1992   13.9623
    7.5000   37.5000  -22.500010262.7246   13.9937
   -7.5000   45.0000  -22.5000 9419.8770   13.6590
    0.0000   45.0000  -22.5000 9721.2979   13.6749
    7.5000   45.0000  -22.5000 9298.5615   13.7050
   -7.5000  -45.0000  -15.0000 9805.4629   14.3966
    0.0000  -45.0000  -15.000010145.1318   14.4226
    7.5000  -45.0000  -15.0000 9671.1211   14.4677
   -7.5000  -37.5000  -15.000010499.5293   14.4048
    0.0000  -37.5000  -15.000010873.1650   14.4311
    7.5000  -37.5000  -15.000010357.6094   14.4726
   -7.5000  -30.0000  -15.000011564.2783   14.3615
    0.0000  -30.0000  -15.000011976.3633   14.3870
    7.5000  -30.0000  -15.000011381.2959   14.4264
   -7.5000  -22.5000  -15.000012497.5791   14.2963
    0.0000  -22.5000  -15.000012936.1504   14.3204
    7.5000  -22.5000  -15.000012339.5332   14.3619
   -7.5000  -15.0000  -15.000013321.6094   14.2870
    0.0000  -15.0000  -15.000013807.2998   14.3113
    7.5000  -15.0000  -15.000013162.0469   14.3576
   -7.5000   -7.5000  -15.000014026.4375   14.3440
    0.0000   -7.5000  -15.000014542.0449   14.3692
    7.5000   -7.5000  -15.000013885.8535   14.4170
   -7.5000    0.0000  -15.000014716.1426   14.3966
    0.0000    0.0000  -15.000015241.4404   14.4226
    7.5000    0.0000  -15.000014582.7852   14.4677
   -7.5000    7.5000  -15.000014331.9043   14.4048
    0.0000    7.5000  -15.000014841.0615   14.4311
    7.5000    7.5000  -15.000014201.9375   14.4726
   -7.5000   15.0000  -15.000013697.2676   14.3615
    0.0000   15.0000  -15.000014160.2852   14.3870
    7.5000   15.0000  -15.000013578.9141   14.4264
   -7.5000   22.5000  -15.000012804.5273   14.2913
    0.0000   22.5000  -15.000013231.4414   14.3153
    7.5000   22.5000  -15.000012728.4043   14.3568
   -7.5000   30.0000  -15.000011751.3789   14.1021
    0.0000   30.0000  -15.000012129.0693   14.1261
    7.5000   30.0000  -15.000011705.2617   14.1718
   -7.5000   37.5000  -15.000011120.4717   14.1583
    0.0000   37.5000  -15.000011473.8262   14.1832
    7.5000   37.5000  -15.000011092.9932   14.2305
   -7.5000   45.0000  -15.000010049.2070   13.8730
    0.0000   45.0000  -15.000010371.2725   13.8980
    7.5000   45.0000  -15.000010001.0225   13.9415
   -7.5000  -45.0000   -7.500010581.3643   14.4680
    0.0000  -45.0000   -7.500010983.6201   14.4859
    7.5000  -45.0000   -7.500010455.5703   14.5346
   -7.5000  -37.5000   -7.500011332.0527   14.4725
    0.0000  -37.5000   -7.500011758.0938   14.4919
    7.5000  -37.5000   -7.500011190.8047   14.5352
   -7.5000  -30.0000   -7.500012464.0117   14.4192
    0.0000  -30.0000   -7.500012945.1895   14.4406
    7.5000  -30.0000   -7.500012299.2012   14.4823
   -7.5000  -22.5000   -7.500013494.7441   14.3473
    0.0000  -22.5000   -7.500014002.3262   14.3686
    7.5000  -22.5000   -7.500013344.7471   14.4151
   -7.5000  -15.0000   -7.500014392.8613   14.3403
    0.0000  -15.0000   -7.500014934.0566   14.3607
    7.5000  -15.0000   -7.500014219.6758   14.4141
   -7.5000   -7.5000   -7.500015172.1318   14.4077
    0.0000   -7.5000   -7.500015744.7012   14.4265
    7.5000   -7.5000   -7.500014967.2334   14.4806
   -7.5000    0.0000   -7.500015923.3867   14.4680
    0.0000    0.0000   -7.500016503.9297   14.4859
    7.5000    0.0000   -7.500015737.9463   14.5346
   -7.5000    7.5000   -7.500015471.1758   14.4725
    0.0000    7.5000   -7.500016043.9355   14.4919
    7.5000    7.5000   -7.500015337.4580   14.5352
   -7.5000   15.0000   -7.500014713.3926   14.4192
    0.0000   15.0000   -7.500015273.0830   14.4406
    7.5000   15.0000   -7.500014623.9043   14.4823
   -7.5000   22.5000   -7.500013754.4521   14.3407
    0.0000   22.5000   -7.500014224.8643   14.3620
    7.5000   22.5000   -7.500013702.0381   14.4084
   -7.5000   30.0000   -7.500012605.9092   14.1544
    0.0000   30.0000   -7.500013028.1299   14.1745
    7.5000   30.0000   -7.500012595.1035   14.2272
   -7.5000   37.5000   -7.500011929.7734   14.2208
    0.0000   37.5000   -7.500012326.9043   14.2395
    7.5000   37.5000   -7.500011925.2881   14.2928
   -7.5000   45.0000   -7.500010794.4600   13.9444
    0.0000   45.0000   -7.500011147.4668   13.9617
    7.5000   45.0000   -7.500010759.2490   14.0086
   -7.5000  -45.0000    0.000011316.9785   14.5071
    0.0000  -45.0000    0.000011725.2783   14.5131
    7.5000  -45.0000    0.000011145.5459   14.5536
   -7.5000  -37.5000    0.000012119.5977   14.5102
    0.0000  -37.5000    0.000012569.4365   14.5169
    7.5000  -37.5000    0.000011921.8262   14.5505
   -7.5000  -30.0000    0.000013335.7861   14.4532
    0.0000  -30.0000    0.000013827.2461   14.4612
    7.5000  -30.0000    0.000013121.4092   14.4921
   -7.5000  -22.5000    0.000014516.4365   14.3785
    0.0000  -22.5000    0.000015059.1641   14.3864
    7.5000  -22.5000    0.000014318.0205   14.4232
   -7.5000  -15.0000    0.000015556.3643   14.3722
    0.0000  -15.0000    0.000016135.4209   14.3791
    7.5000  -15.0000    0.000015270.8877   14.4243
   -7.5000   -7.5000    0.000016357.4912   14.4437
    0.0000   -7.5000    0.000016970.9766   14.4498
    7.5000   -7.5000    0.000016024.3232   14.4962
   -7.5000    0.0000    0.000017097.2148   14.5071
    0.0000    0.0000    0.000017758.8906   14.5131
    7.5000    0.0000    0.000016798.1777   14.5536
   -7.5000    7.5000    0.000016588.8398   14.5102
    0.0000    7.5000    0.000017229.3672   14.5169
    7.5000    7.5000    0.000016351.5840   14.5505
   -7.5000   15.0000    0.000015773.3721   14.4532
    0.0000   15.0000    0.000016338.2549   14.4612
    7.5000   15.0000    0.000015584.3438   14.4921
   -7.5000   22.5000    0.000014726.6299   14.3719
    0.0000   22.5000    0.000015217.7061   14.3797
    7.5000   22.5000    0.000014590.9346   14.4166
   -7.5000   30.0000    0.000013529.2344   14.1862
    0.0000   30.0000    0.000013964.3135   14.1930
    7.5000   30.0000    0.000013436.8457   14.2376
   -7.5000   37.5000    0.000012802.3447   14.2567
    0.0000   37.5000    0.000013212.1670   14.2628
    7.5000   37.5000    0.000012718.5586   14.3086
   -7.5000   45.0000    0.000011574.9180   13.9832
    0.0000   45.0000    0.000011949.1992   13.9889
    7.5000   45.0000    0.000011458.7852   14.0280
   -7.5000  -45.0000    7.500011273.6729   14.5532
    0.0000  -45.0000    7.500011617.3564   14.5543
    7.5000  -45.0000    7.500010967.8506   14.5817
   -7.5000  -37.5000    7.500012053.1992   14.5579
    0.0000  -37.5000    7.500012443.1963   14.5581
    7.5000  -37.5000    7.500011707.9971   14.5786
   -7.5000  -30.0000    7.500013271.6025   14.5050
    0.0000  -30.0000    7.500013738.6777   14.5031
    7.5000  -30.0000    7.500012947.8340   14.5196
   -7.5000  -22.5000    7.500014521.1055   14.4330
    0.0000  -22.5000    7.500015079.2393   14.4292
    7.5000  -22.5000    7.500014230.4346   14.4505
   -7.5000  -15.0000    7.500015808.3242   14.4257
    0.0000  -15.0000    7.500016474.4082   14.4218
    7.5000  -15.0000    7.500015351.5156   14.4507
   -7.5000   -7.5000    7.500016613.5645   14.4927
    0.0000   -7.5000    7.500017346.1543   14.4914
    7.5000   -7.5000    7.500016055.0049   14.5227
   -7.5000    0.0000    7.500017230.2520   14.5532
    0.0000    0.0000    7.500017954.7598   14.5543
    7.5000    0.0000    7.500016734.1426   14.5817
   -7.5000    7.5000    7.500016686.2090   14.5579
    0.0000    7.5000    7.500017313.9199   14.5581
    7.5000    7.5000    7.500016259.1699   14.5786
   -7.5000   15.0000    7.500015908.1787   14.5050
    0.0000   15.0000    7.500016447.4004   14.5031
    7.5000   15.0000    7.500015492.3818   14.5196
   -7.5000   22.5000    7.500014888.0107   14.4264
    0.0000   22.5000    7.500015343.1211   14.4226
    7.5000   22.5000    7.500014527.7168   14.4438
   -7.5000   30.0000    7.500013666.2373   14.2390
    0.0000   30.0000    7.500014087.1846   14.2351
    7.5000   30.0000    7.500013360.0205   14.2637
   -7.5000   37.5000    7.500012865.9258   14.3052
    0.0000   37.5000    7.500013276.7656   14.3038
    7.5000   37.5000    7.500012594.6064   14.3348
   -7.5000   45.0000    7.500011616.6387   14.0276
    0.0000   45.0000    7.500011973.2920   14.0286
    7.5000   45.0000    7.500011352.4033   14.0550
   -7.5000  -45.0000   15.000010994.3857   14.6448
    0.0000  -45.0000   15.000011340.6660   14.6521
    7.5000  -45.0000   15.000010618.7959   14.6744
   -7.5000  -37.5000   15.000011738.8838   14.6530
    0.0000  -37.5000   15.000012147.7207   14.6588
    7.5000  -37.5000   15.000011356.1660   14.6755
   -7.5000  -30.0000   15.000012958.1680   14.6090
    0.0000  -30.0000   15.000013436.3652   14.6093
    7.5000  -30.0000   15.000012623.9512   14.6216
   -7.5000  -22.5000   15.000014424.4219   14.5427
    0.0000  -22.5000   15.000015042.1113   14.5394
    7.5000  -22.5000   15.000014042.8262   14.5538
   -7.5000  -15.0000   15.000015993.0322   14.5331
    0.0000  -15.0000   15.000016919.4961   14.5303
    7.5000  -15.0000   15.000015251.0557   14.5505
   -7.5000   -7.5000   15.000016909.6914   14.5909
    0.0000   -7.5000   15.000017894.1543   14.5934
    7.5000   -7.5000   15.000015987.3203   14.6170
   -7.5000    0.0000   15.000017416.2246   14.6448
    0.0000    0.0000   15.000018307.6797   14.6521
    7.5000    0.0000   15.000016577.7051   14.6744
   -7.5000    7.5000   15.000016775.9023   14.6530
    0.0000    7.5000   15.000017518.2676   14.6588
    7.5000    7.5000   15.000016009.4590   14.6755
   -7.5000   15.0000   15.000015897.7842   14.6090
    0.0000   15.0000   15.000016542.2441   14.6093
    7.5000   15.0000   15.000015217.0811   14.6216
   -7.5000   22.5000   15.000014774.3008   14.5360
    0.0000   22.5000   15.000015348.3369   14.5328
    7.5000   22.5000   15.000014219.1729   14.5471
   -7.5000   30.0000   15.000013472.4453   14.3450
    0.0000   30.0000   15.000013981.8828   14.3423
    7.5000   30.0000   15.000013007.2842   14.3622
   -7.5000   37.5000   15.000012620.4873   14.4021
    0.0000   37.5000   15.000013097.0801   14.4046
    7.5000   37.5000   15.000012230.6172   14.4278
   -7.5000   45.0000   15.000011343.8525   14.1159
    0.0000   45.0000   15.000011783.1816   14.1229
    7.5000   45.0000   15.000011020.4619   14.1444
   -7.5000  -45.0000   22.500010579.5723   14.7057
    0.0000  -45.0000   22.500010922.6455   14.7267
    7.5000  -45.0000   22.500010248.7334   14.7590
   -7.5000  -37.5000   22.500011329.4258   14.7157
    0.0000  -37.5000   22.500011716.1465   14.7358
    7.5000  -37.5000   22.500010946.3799   14.7640
   -7.5000  -30.0000   22.500012562.0723   14.6769
    0.0000  -30.0000   22.500013038.8672   14.6921
    7.5000  -30.0000   22.500012124.8291   14.7165
   -7.5000  -22.5000   22.500013998.9932   14.6141
    0.0000  -22.5000   22.500014687.6689   14.6259
    7.5000  -22.5000   22.500013402.1680   14.6510
   -7.5000  -15.0000   22.500015405.0078   14.6033
    0.0000  -15.0000   22.500016427.5059   14.6161
    7.5000  -15.0000   22.500014492.3545   14.6456
   -7.5000   -7.5000   22.500016299.5098   14.6558
    0.0000   -7.5000   22.500017511.3125   14.6731
    7.5000   -7.5000   22.500015290.5430   14.7060
   -7.5000    0.0000   22.500016952.8105   14.7057
    0.0000    0.0000   22.500018164.0000   14.7267
    7.5000    0.0000   22.500016036.6543   14.7590
   -7.5000    7.5000   22.500016314.6963   14.7157
    0.0000    7.5000   22.500017348.3281   14.7358
    7.5000    7.5000   22.500015527.2832   14.7640
   -7.5000   15.0000   22.500015335.3535   14.6769
    0.0000   15.0000   22.500016175.9414   14.6921
    7.5000   15.0000   22.500014688.0400   14.7165
   -7.5000   22.5000   22.500014187.5078   14.6074
    0.0000   22.5000   22.500014875.2275   14.6191
    7.5000   22.5000   22.500013690.3760   14.6443
   -7.5000   30.0000   22.500012952.5908   14.4144
    0.0000   30.0000   22.500013513.5146   14.4269
    7.5000   30.0000   22.500012546.6240   14.4561
   -7.5000   37.5000   22.500012170.1846   14.4661
    0.0000   37.5000   22.500012685.8193   14.4832
    7.5000   37.5000   22.500011842.9141   14.5156
   -7.5000   45.0000   22.500010937.6123   14.1746
    0.0000   45.0000   22.500011375.5254   14.1949
    7.5000   45.0000   22.500010666.8799   14.2260
   -7.5000  -45.0000   30.000010027.3438   14.7587
    0.0000  -45.0000   30.000010404.5596   14.7858
    7.5000  -45.0000   30.0000 9722.9561   14.8301
   -7.5000  -37.5000   30.000010729.8799   14.7675
    0.0000  -37.5000   30.000011141.9463   14.7949
    7.5000  -37.5000   30.000010391.7568   14.8353
   -7.5000  -30.0000   30.000011892.0771   14.7245
    0.0000  -30.0000   30.000012331.6250   14.7509
    7.5000  -30.0000   30.000011496.3779   14.7892
   -7.5000  -22.5000   30.000013165.3594   14.6588
    0.0000  -22.5000   30.000013681.9434   14.6839
    7.5000  -22.5000   30.000012632.3125   14.7244
   -7.5000  -15.0000   30.000014274.6631   14.6488
    0.0000  -15.0000   30.000014867.9902   14.6743
    7.5000  -15.0000   30.000013560.8281   14.7198
   -7.5000   -7.5000   30.000015105.8818   14.7055
    0.0000   -7.5000   30.000015684.0723   14.7321
    7.5000   -7.5000   30.000014339.2930   14.7792
   -7.5000    0.0000   30.000015911.6494   14.7587
    0.0000    0.0000   30.000016621.7363   14.7858
    7.5000    0.0000   30.000015194.3809   14.8301
   -7.5000    7.5000   30.000015428.0146   14.7675
    0.0000    7.5000   30.000016234.9385   14.7949
    7.5000    7.5000   30.000014828.9541   14.8353
   -7.5000   15.0000   30.000014506.0020   14.7245
    0.0000   15.0000   30.000015269.2920   14.7509
    7.5000   15.0000   30.000014021.8516   14.7892
   -7.5000   22.5000   30.000013384.3291   14.6520
    0.0000   22.5000   30.000014098.0059   14.6772
    7.5000   22.5000   30.000013013.7305   14.7176
   -7.5000   30.0000   30.000012182.7969   14.4592
    0.0000   30.0000   30.000012806.0918   14.4844
    7.5000   30.0000   30.000011869.7676   14.5293
   -7.5000   37.5000   30.000011402.2520   14.5152
    0.0000   37.5000   30.000012004.5342   14.5414
    7.5000   37.5000   30.000011180.8926   14.5879
   -7.5000   45.0000   30.000010200.4863   14.2257
    0.0000   45.0000   30.000010705.7129   14.2518
    7.5000   45.0000   30.000010025.7900   14.2945
   -7.5000  -45.0000   37.5000 9732.0488   14.8455
    0.0000  -45.0000   37.500010069.9600   14.8638
    7.5000  -45.0000   37.5000 9493.0322   14.9106
   -7.5000  -37.5000   37.500010379.1826   14.8514
    0.0000  -37.5000   37.500010740.0293   14.8713
    7.5000  -37.5000   37.500010138.6807   14.9125
   -7.5000  -30.0000   37.500011465.3535   14.8000
    0.0000  -30.0000   37.500011874.4424   14.8221
    7.5000  -30.0000   37.500011202.9785   14.8615
   -7.5000  -22.5000   37.500012553.7266   14.7286
    0.0000  -22.5000   37.500013062.5205   14.7508
    7.5000  -22.5000   37.500012247.5820   14.7952
   -7.5000  -15.0000   37.500013501.5762   14.7203
    0.0000  -15.0000   37.500014055.1826   14.7414
    7.5000  -15.0000   37.500013104.9531   14.7931
   -7.5000   -7.5000   37.500014303.3730   14.7856
    0.0000   -7.5000   37.500014842.3701   14.8050
    7.5000   -7.5000   37.500013877.4990   14.8575
   -7.5000    0.0000   37.500015113.1895   14.8455
    0.0000    0.0000   37.500015686.8408   14.8638
    7.5000    0.0000   37.500014668.9199   14.9106
   -7.5000    7.5000   37.500014706.9834   14.8514
    0.0000    7.5000   37.500015265.3057   14.8713
    7.5000    7.5000   37.500014261.6025   14.9125
   -7.5000   15.0000   37.500013929.4619   14.8000
    0.0000   15.0000   37.500014465.5068   14.8221
    7.5000   15.0000   37.500013528.6318   14.8615
   -7.5000   22.5000   37.500012904.5195   14.7218
    0.0000   22.5000   37.500013444.0791   14.7440
    7.5000   22.5000   37.500012590.5039   14.7883
   -7.5000   30.0000   37.500011756.9268   14.5298
    0.0000   30.0000   37.500012262.9180   14.5506
    7.5000   30.0000   37.500011493.8457   14.6017
   -7.5000   37.5000   37.500010975.6982   14.5943
    0.0000   37.5000   37.500011507.8486   14.6134
    7.5000   37.5000   37.500010819.1826   14.6652
   -7.5000   45.0000   37.5000 9788.7832   14.3094
    0.0000   45.0000   37.500010252.8027   14.3270
    7.5000   45.0000   37.5000 9686.3945   14.3721
   -7.5000  -45.0000   45.0000 9069.7002   15.0801
    0.0000  -45.0000   45.0000 9369.6914   15.0856
    7.5000  -45.0000   45.0000 8914.3525   15.1239
   -7.5000  -37.5000   45.0000 9673.6514   15.0852
    0.0000  -37.5000   45.000010005.8350   15.0917
    7.5000  -37.5000   45.0000 9518.4053   15.1223
   -7.5000  -30.0000   45.000010694.3975   15.0290
    0.0000  -30.0000   45.000011075.3750   15.0372
    7.5000  -30.0000   45.000010520.5586   15.0646
   -7.5000  -22.5000   45.000011649.3545   14.9528
    0.0000  -22.5000   45.000012122.8662   14.9612
    7.5000  -22.5000   45.000011434.1475   14.9949
   -7.5000  -15.0000   45.000012461.4062   14.9445
    0.0000  -15.0000   45.000012944.7480   14.9516
    7.5000  -15.0000   45.000012198.8418   14.9945
   -7.5000   -7.5000   45.000013180.0684   15.0152
    0.0000   -7.5000   45.000013679.7119   15.0212
    7.5000   -7.5000   45.000012907.0078   15.0658
   -7.5000    0.0000   45.000013899.2920   15.0801
    0.0000    0.0000   45.000014428.6689   15.0856
    7.5000    0.0000   45.000013598.0439   15.1239
   -7.5000    7.5000   45.000013495.8311   15.0852
    0.0000    7.5000   45.000014020.9854   15.0917
    7.5000    7.5000   45.000013184.8955   15.1223
   -7.5000   15.0000   45.000012795.2607   15.0290
    0.0000   15.0000   45.000013252.5391   15.0372
    7.5000   15.0000   45.000012470.3945   15.0646
   -7.5000   22.5000   45.000011897.6738   14.9459
    0.0000   22.5000   45.000012334.0723   14.9542
    7.5000   22.5000   45.000011620.2441   14.9880
   -7.5000   30.0000   45.000010853.3418   14.7498
    0.0000   30.0000   45.000011286.2510   14.7568
    7.5000   30.0000   45.000010624.9717   14.7992
   -7.5000   37.5000   45.000010129.0518   14.8196
    0.0000   37.5000   45.000010544.1543   14.8256
    7.5000   37.5000   45.0000 9959.1230   14.8695
   -7.5000   45.0000   45.0000 9042.8174   14.5420
    0.0000   45.0000   45.0000 9391.7842   14.5474
    7.5000   45.0000   45.0000 8914.3350   14.5843

---------------------------------------------------------------------
imgreg_4dfp /Volumes/apps/linux/freesurfer-current/average/711-2C_as_mni_average_305 /Volumes/apps/linux/freesurfer-current/average/711-2B_as_mni_average_305_mask talsrcimg_g11 none talsrcimg_to_711-2C_as_mni_average_305_t4 4355
---------------------------------------------------------------------

$Id: imgreg_4dfp.c,v 1.4 2010/02/27 01:41:53 nicks Exp $
/Volumes/apps/linux/freesurfer-current/average/711-2C_as_mni_average_305.4dfp.img
       256       256       256         1
  1.000000  1.000000  1.000000
orientation T byte_order littleendian
Reading image: /Volumes/apps/linux/freesurfer-current/average/711-2C_as_mni_average_305.4dfp.img
dimensions:      256       256       256
mmppix:       1.0000   -1.0000   -1.0000
center:     128.0000 -129.0000 -129.0000
/Volumes/apps/linux/freesurfer-current/average/711-2B_as_mni_average_305_mask.4dfp.img
       256       256       256         1
  1.000000  1.000000  1.000000
orientation T byte_order littleendian
Reading mask: /Volumes/apps/linux/freesurfer-current/average/711-2B_as_mni_average_305_mask.4dfp.img (2306576 pixels)
talsrcimg_g11.4dfp.img
       256       256       256         1
  1.000000  1.000000  1.000000
orientation T byte_order littleendian
Reading image: talsrcimg_g11.4dfp.img
dimensions:      256       256       256
mmppix:       1.0000   -1.0000   -1.0000
center:     128.0000 -129.0000 -129.0000
rotation matrix determinant  1.000000
image alignment mode   4355 decimal     1103 hex
   -7.5000  -45.0000  -30.0000 2324.4595   18.9138
    0.0000  -45.0000  -30.0000 2315.1958   18.8646
    7.5000  -45.0000  -30.0000 2298.0969   19.0541
   -7.5000  -37.5000  -30.0000 2410.9182   17.3907
    0.0000  -37.5000  -30.0000 2403.2529   17.3538
    7.5000  -37.5000  -30.0000 2382.2505   17.5514
   -7.5000  -30.0000  -30.0000 2476.3774   16.2586
    0.0000  -30.0000  -30.0000 2464.9988   16.2108
    7.5000  -30.0000  -30.0000 2442.8579   16.4611
   -7.5000  -22.5000  -30.0000 2514.1802   15.4629
    0.0000  -22.5000  -30.0000 2506.7344   15.4452
    7.5000  -22.5000  -30.0000 2479.5085   15.6844
   -7.5000  -15.0000  -30.0000 2525.4727   14.9791
    0.0000  -15.0000  -30.0000 2517.4114   14.9395
    7.5000  -15.0000  -30.0000 2495.1228   15.2283
   -7.5000   -7.5000  -30.0000 2522.3298   14.6910
    0.0000   -7.5000  -30.0000 2517.4568   14.6498
    7.5000   -7.5000  -30.0000 2500.2417   14.9431
   -7.5000    0.0000  -30.0000 2517.4675   14.7790
    0.0000    0.0000  -30.0000 2510.0603   14.6936
    7.5000    0.0000  -30.0000 2495.3247   15.0353
   -7.5000    7.5000  -30.0000 2494.9583   15.1837
    0.0000    7.5000  -30.0000 2494.2935   15.1224
    7.5000    7.5000  -30.0000 2473.8430   15.4215
   -7.5000   15.0000  -30.0000 2453.5374   15.8099
    0.0000   15.0000  -30.0000 2452.4629   15.7544
    7.5000   15.0000  -30.0000 2428.8613   16.0327
   -7.5000   22.5000  -30.0000 2388.3804   16.6332
    0.0000   22.5000  -30.0000 2388.6240   16.6163
    7.5000   22.5000  -30.0000 2364.9929   16.7870
   -7.5000   30.0000  -30.0000 2298.6667   17.7753
    0.0000   30.0000  -30.0000 2300.4373   17.7961
    7.5000   30.0000  -30.0000 2274.3098   18.0123
   -7.5000   37.5000  -30.0000 2189.8108   19.4166
    0.0000   37.5000  -30.0000 2194.4368   19.4706
    7.5000   37.5000  -30.0000 2165.2993   19.6434
   -7.5000   45.0000  -30.0000 2045.9990   21.5883
    0.0000   45.0000  -30.0000 2055.2781   21.6689
    7.5000   45.0000  -30.0000 2028.9584   21.8574
   -7.5000  -45.0000  -22.5000 2432.3452   18.1434
    0.0000  -45.0000  -22.5000 2421.9807   18.1104
    7.5000  -45.0000  -22.5000 2402.5364   18.3326
   -7.5000  -37.5000  -22.5000 2524.7727   16.6826
    0.0000  -37.5000  -22.5000 2513.1201   16.6507
    7.5000  -37.5000  -22.5000 2490.7449   16.8541
   -7.5000  -30.0000  -22.5000 2581.0703   15.5651
    0.0000  -30.0000  -22.5000 2568.9470   15.5194
    7.5000  -30.0000  -22.5000 2547.8057   15.7174
   -7.5000  -22.5000  -22.5000 2620.0813   14.7620
    0.0000  -22.5000  -22.5000 2613.4316   14.6984
    7.5000  -22.5000  -22.5000 2600.0400   14.9610
   -7.5000  -15.0000  -22.5000 2642.8569   14.2714
    0.0000  -15.0000  -22.5000 2640.9058   14.2354
    7.5000  -15.0000  -22.5000 2621.1924   14.4893
   -7.5000   -7.5000  -22.5000 2641.6929   13.9660
    0.0000   -7.5000  -22.5000 2642.1833   13.9254
    7.5000   -7.5000  -22.5000 2623.6902   14.2062
   -7.5000    0.0000  -22.5000 2634.6106   14.0027
    0.0000    0.0000  -22.5000 2630.4763   13.9599
    7.5000    0.0000  -22.5000 2615.2302   14.2562
   -7.5000    7.5000  -22.5000 2608.1772   14.3615
    0.0000    7.5000  -22.5000 2611.7925   14.3332
    7.5000    7.5000  -22.5000 2589.2971   14.6187
   -7.5000   15.0000  -22.5000 2566.3948   14.9577
    0.0000   15.0000  -22.5000 2569.2000   14.9090
    7.5000   15.0000  -22.5000 2544.2942   15.2110
   -7.5000   22.5000  -22.5000 2501.0146   15.7748
    0.0000   22.5000  -22.5000 2507.9739   15.7082
    7.5000   22.5000  -22.5000 2480.3928   15.9573
   -7.5000   30.0000  -22.5000 2406.9990   16.8668
    0.0000   30.0000  -22.5000 2416.2278   16.8022
    7.5000   30.0000  -22.5000 2391.3284   17.0658
   -7.5000   37.5000  -22.5000 2294.2815   18.3741
    0.0000   37.5000  -22.5000 2305.3657   18.3725
    7.5000   37.5000  -22.5000 2273.7314   18.5802
   -7.5000   45.0000  -22.5000 2144.1443   20.3900
    0.0000   45.0000  -22.5000 2157.3889   20.4253
    7.5000   45.0000  -22.5000 2126.6687   20.6629
   -7.5000  -45.0000  -15.0000 2491.4165   17.3166
    0.0000  -45.0000  -15.0000 2489.9170   17.2598
    7.5000  -45.0000  -15.0000 2470.9460   17.4979
   -7.5000  -37.5000  -15.0000 2576.9004   15.8652
    0.0000  -37.5000  -15.0000 2576.7947   15.8562
    7.5000  -37.5000  -15.0000 2561.3054   16.0810
   -7.5000  -30.0000  -15.0000 2641.6763   14.8259
    0.0000  -30.0000  -15.0000 2642.8633   14.8289
    7.5000  -30.0000  -15.0000 2626.3127   15.0074
   -7.5000  -22.5000  -15.0000 2683.4307   14.0502
    0.0000  -22.5000  -15.0000 2685.0349   14.0119
    7.5000  -22.5000  -15.0000 2674.1023   14.2160
   -7.5000  -15.0000  -15.0000 2713.8228   13.5148
    0.0000  -15.0000  -15.0000 2720.7781   13.4840
    7.5000  -15.0000  -15.0000 2703.1855   13.6992
   -7.5000   -7.5000  -15.0000 2716.0000   13.2058
    0.0000   -7.5000  -15.0000 2730.3799   13.1660
    7.5000   -7.5000  -15.0000 2713.9963   13.4029
   -7.5000    0.0000  -15.0000 2710.4790   13.2051
    0.0000    0.0000  -15.0000 2719.9973   13.1931
    7.5000    0.0000  -15.0000 2707.6191   13.4589
   -7.5000    7.5000  -15.0000 2686.9158   13.5397
    0.0000    7.5000  -15.0000 2698.0728   13.5177
    7.5000    7.5000  -15.0000 2679.1023   13.8284
   -7.5000   15.0000  -15.0000 2644.5259   14.1178
    0.0000   15.0000  -15.0000 2651.4631   14.0562
    7.5000   15.0000  -15.0000 2632.3462   14.3722
   -7.5000   22.5000  -15.0000 2578.9741   14.9016
    0.0000   22.5000  -15.0000 2581.7368   14.8059
    7.5000   22.5000  -15.0000 2570.6658   15.0964
   -7.5000   30.0000  -15.0000 2481.8123   15.9304
    0.0000   30.0000  -15.0000 2491.5195   15.8442
    7.5000   30.0000  -15.0000 2473.7905   16.1312
   -7.5000   37.5000  -15.0000 2366.1152   17.3605
    0.0000   37.5000  -15.0000 2379.4517   17.2784
    7.5000   37.5000  -15.0000 2365.2810   17.5493
   -7.5000   45.0000  -15.0000 2202.1331   19.2939
    0.0000   45.0000  -15.0000 2221.6650   19.2480
    7.5000   45.0000  -15.0000 2201.3296   19.5414
   -7.5000  -45.0000   -7.5000 2525.2605   16.5447
    0.0000  -45.0000   -7.5000 2531.4688   16.5577
    7.5000  -45.0000   -7.5000 2517.1858   16.7321
   -7.5000  -37.5000   -7.5000 2619.6470   15.1639
    0.0000  -37.5000   -7.5000 2622.3533   15.1918
    7.5000  -37.5000   -7.5000 2613.6333   15.3791
   -7.5000  -30.0000   -7.5000 2685.0049   14.1221
    0.0000  -30.0000   -7.5000 2692.1440   14.1339
    7.5000  -30.0000   -7.5000 2679.8533   14.3338
   -7.5000  -22.5000   -7.5000 2732.2119   13.3848
    0.0000  -22.5000   -7.5000 2740.2200   13.3542
    7.5000  -22.5000   -7.5000 2735.2747   13.5578
   -7.5000  -15.0000   -7.5000 2762.3782   12.8505
    0.0000  -15.0000   -7.5000 2775.8865   12.7952
    7.5000  -15.0000   -7.5000 2765.4966   12.9871
   -7.5000   -7.5000   -7.5000 2777.1536   12.4857
    0.0000   -7.5000   -7.5000 2797.0437   12.4244
    7.5000   -7.5000   -7.5000 2779.8403   12.6667
   -7.5000    0.0000   -7.5000 2773.7632   12.4746
    0.0000    0.0000   -7.5000 2786.5876   12.4402
    7.5000    0.0000   -7.5000 2779.2979   12.7417
   -7.5000    7.5000   -7.5000 2748.4404   12.8153
    0.0000    7.5000   -7.5000 2763.1655   12.7640
    7.5000    7.5000   -7.5000 2755.0957   13.0671
   -7.5000   15.0000   -7.5000 2699.9614   13.3646
    0.0000   15.0000   -7.5000 2713.2173   13.2922
    7.5000   15.0000   -7.5000 2699.5608   13.5611
   -7.5000   22.5000   -7.5000 2634.9255   14.1101
    0.0000   22.5000   -7.5000 2643.7759   14.0119
    7.5000   22.5000   -7.5000 2636.7656   14.2886
   -7.5000   30.0000   -7.5000 2534.0808   15.1064
    0.0000   30.0000   -7.5000 2545.7710   15.0153
    7.5000   30.0000   -7.5000 2537.5532   15.3009
   -7.5000   37.5000   -7.5000 2418.4656   16.5308
    0.0000   37.5000   -7.5000 2431.4746   16.3907
    7.5000   37.5000   -7.5000 2423.7466   16.7222
   -7.5000   45.0000   -7.5000 2263.4670   18.4201
    0.0000   45.0000   -7.5000 2275.5886   18.2803
    7.5000   45.0000   -7.5000 2261.0969   18.6736
   -7.5000  -45.0000    0.0000 2549.7395   16.0510
    0.0000  -45.0000    0.0000 2550.7727   16.0659
    7.5000  -45.0000    0.0000 2535.2495   16.1897
   -7.5000  -37.5000    0.0000 2644.7183   14.6834
    0.0000  -37.5000    0.0000 2646.4780   14.7199
    7.5000  -37.5000    0.0000 2631.9487   14.8622
   -7.5000  -30.0000    0.0000 2717.4971   13.6712
    0.0000  -30.0000    0.0000 2723.1553   13.6903
    7.5000  -30.0000    0.0000 2709.7012   13.8617
   -7.5000  -22.5000    0.0000 2776.4521   12.9313
    0.0000  -22.5000    0.0000 2785.4883   12.9205
    7.5000  -22.5000    0.0000 2778.8623   13.1377
   -7.5000  -15.0000    0.0000 2809.6504   12.4337
    0.0000  -15.0000    0.0000 2821.5447   12.3667
    7.5000  -15.0000    0.0000 2810.1216   12.5472
   -7.5000   -7.5000    0.0000 2822.7522   11.9857
    0.0000   -7.5000    0.0000 2838.6365   11.8969
    7.5000   -7.5000    0.0000 2821.9639   12.1382
   -7.5000    0.0000    0.0000 2814.5327   11.9399
    0.0000    0.0000    0.0000 2826.0508   11.8757
    7.5000    0.0000    0.0000 2816.8130   12.1898
   -7.5000    7.5000    0.0000 2789.8865   12.2787
    0.0000    7.5000    0.0000 2800.6995   12.2011
    7.5000    7.5000    0.0000 2793.6414   12.4953
   -7.5000   15.0000    0.0000 2743.6572   12.8267
    0.0000   15.0000    0.0000 2753.0791   12.7185
    7.5000   15.0000    0.0000 2749.7744   12.9883
   -7.5000   22.5000    0.0000 2675.2424   13.5397
    0.0000   22.5000    0.0000 2683.7219   13.4194
    7.5000   22.5000    0.0000 2681.2188   13.7241
   -7.5000   30.0000    0.0000 2576.6731   14.5279
    0.0000   30.0000    0.0000 2584.5859   14.4337
    7.5000   30.0000    0.0000 2579.6729   14.7664
   -7.5000   37.5000    0.0000 2464.7329   15.9462
    0.0000   37.5000    0.0000 2471.9924   15.8028
    7.5000   37.5000    0.0000 2458.7051   16.1946
   -7.5000   45.0000    0.0000 2309.3545   17.7995
    0.0000   45.0000    0.0000 2317.0754   17.6456
    7.5000   45.0000    0.0000 2300.2546   18.0608
   -7.5000  -45.0000    7.5000 2586.4788   15.8726
    0.0000  -45.0000    7.5000 2580.1814   15.8519
    7.5000  -45.0000    7.5000 2565.9634   15.9813
   -7.5000  -37.5000    7.5000 2676.6130   14.4956
    0.0000  -37.5000    7.5000 2673.0940   14.5110
    7.5000  -37.5000    7.5000 2661.5225   14.6146
   -7.5000  -30.0000    7.5000 2757.2766   13.4706
    0.0000  -30.0000    7.5000 2758.2041   13.4877
    7.5000  -30.0000    7.5000 2746.5039   13.6198
   -7.5000  -22.5000    7.5000 2825.1882   12.7452
    0.0000  -22.5000    7.5000 2830.3479   12.7793
    7.5000  -22.5000    7.5000 2819.6667   12.9102
   -7.5000  -15.0000    7.5000 2864.8013   12.2953
    0.0000  -15.0000    7.5000 2881.3274   12.2794
    7.5000  -15.0000    7.5000 2863.3582   12.3795
   -7.5000   -7.5000    7.5000 2873.1353   11.8575
    0.0000   -7.5000    7.5000 2884.3997   11.8049
    7.5000   -7.5000    7.5000 2864.8933   11.9962
   -7.5000    0.0000    7.5000 2853.4163   11.6902
    0.0000    0.0000    7.5000 2858.2622   11.6569
    7.5000    0.0000    7.5000 2851.0154   11.9443
   -7.5000    7.5000    7.5000 2835.5020   11.9537
    0.0000    7.5000    7.5000 2831.7068   11.8982
    7.5000    7.5000    7.5000 2829.4861   12.1979
   -7.5000   15.0000    7.5000 2797.8113   12.4787
    0.0000   15.0000    7.5000 2793.8772   12.3704
    7.5000   15.0000    7.5000 2788.3967   12.6589
   -7.5000   22.5000    7.5000 2732.8716   13.2664
    0.0000   22.5000    7.5000 2727.0955   13.1242
    7.5000   22.5000    7.5000 2728.2092   13.4320
   -7.5000   30.0000    7.5000 2631.6230   14.3319
    0.0000   30.0000    7.5000 2624.6980   14.1718
    7.5000   30.0000    7.5000 2628.9707   14.5269
   -7.5000   37.5000    7.5000 2514.6501   15.7417
    0.0000   37.5000    7.5000 2508.1831   15.5340
    7.5000   37.5000    7.5000 2502.4873   15.9393
   -7.5000   45.0000    7.5000 2354.7939   17.5448
    0.0000   45.0000    7.5000 2349.4573   17.3441
    7.5000   45.0000    7.5000 2341.7849   17.7688
   -7.5000  -45.0000   15.0000 2595.6089   15.6509
    0.0000  -45.0000   15.0000 2605.0674   15.7597
    7.5000  -45.0000   15.0000 2579.9602   15.7865
   -7.5000  -37.5000   15.0000 2689.7217   14.3344
    0.0000  -37.5000   15.0000 2703.0564   14.4821
    7.5000  -37.5000   15.0000 2677.2991   14.4833
   -7.5000  -30.0000   15.0000 2772.4221   13.3601
    0.0000  -30.0000   15.0000 2788.4231   13.5460
    7.5000  -30.0000   15.0000 2769.0291   13.5474
   -7.5000  -22.5000   15.0000 2851.0244   12.7483
    0.0000  -22.5000   15.0000 2868.3167   12.9352
    7.5000  -22.5000   15.0000 2850.9919   12.8824
   -7.5000  -15.0000   15.0000 2918.6050   12.4454
    0.0000  -15.0000   15.0000 2941.3799   12.6045
    7.5000  -15.0000   15.0000 2908.7192   12.4482
   -7.5000   -7.5000   15.0000 2942.9978   12.0930
    0.0000   -7.5000   15.0000 2976.9155   12.2928
    7.5000   -7.5000   15.0000 2912.3313   12.0329
   -7.5000    0.0000   15.0000 2888.5664   11.7237
    0.0000    0.0000   15.0000 2912.4082   11.8904
    7.5000    0.0000   15.0000 2873.4409   11.8429
   -7.5000    7.5000   15.0000 2852.5117   11.8000
    0.0000    7.5000   15.0000 2861.7397   11.8967
    7.5000    7.5000   15.0000 2835.2344   12.0287
   -7.5000   15.0000   15.0000 2808.6533   12.3151
    0.0000   15.0000   15.0000 2822.2402   12.3370
    7.5000   15.0000   15.0000 2797.3062   12.5200
   -7.5000   22.5000   15.0000 2744.7263   13.1051
    0.0000   22.5000   15.0000 2761.5579   13.1202
    7.5000   22.5000   15.0000 2739.1943   13.2920
   -7.5000   30.0000   15.0000 2641.2993   14.2014
    0.0000   30.0000   15.0000 2660.3132   14.1932
    7.5000   30.0000   15.0000 2634.6428   14.3614
   -7.5000   37.5000   15.0000 2519.1875   15.6118
    0.0000   37.5000   15.0000 2535.3403   15.6150
    7.5000   37.5000   15.0000 2508.6155   15.7612
   -7.5000   45.0000   15.0000 2365.6338   17.4248
    0.0000   45.0000   15.0000 2376.8496   17.4239
    7.5000   45.0000   15.0000 2352.4236   17.6139
   -7.5000  -45.0000   22.5000 2595.3745   15.5459
    0.0000  -45.0000   22.5000 2605.5916   15.7001
    7.5000  -45.0000   22.5000 2595.2217   15.7980
   -7.5000  -37.5000   22.5000 2688.8894   14.3329
    0.0000  -37.5000   22.5000 2703.7964   14.5432
    7.5000  -37.5000   22.5000 2688.9878   14.5473
   -7.5000  -30.0000   22.5000 2778.7092   13.4821
    0.0000  -30.0000   22.5000 2797.6428   13.7211
    7.5000  -30.0000   22.5000 2775.6968   13.6298
   -7.5000  -22.5000   22.5000 2870.0984   12.9450
    0.0000  -22.5000   22.5000 2901.0916   13.2001
    7.5000  -22.5000   22.5000 2857.8218   13.0056
   -7.5000  -15.0000   22.5000 2944.9165   12.6419
    0.0000  -15.0000   22.5000 2988.8867   12.9436
    7.5000  -15.0000   22.5000 2907.6292   12.5353
   -7.5000   -7.5000   22.5000 2964.2239   12.2261
    0.0000   -7.5000   22.5000 3014.7292   12.5182
    7.5000   -7.5000   22.5000 2915.5303   12.1256
   -7.5000    0.0000   22.5000 2913.9189   11.9117
    0.0000    0.0000   22.5000 2966.4812   12.2045
    7.5000    0.0000   22.5000 2885.2849   12.0056
   -7.5000    7.5000   22.5000 2859.4297   11.9691
    0.0000    7.5000   22.5000 2892.7175   12.1372
    7.5000    7.5000   22.5000 2845.4607   12.2193
   -7.5000   15.0000   22.5000 2803.5288   12.3933
    0.0000   15.0000   22.5000 2824.3208   12.5011
    7.5000   15.0000   22.5000 2792.2048   12.6541
   -7.5000   22.5000   22.5000 2737.3193   13.1624
    0.0000   22.5000   22.5000 2751.3418   13.2131
    7.5000   22.5000   22.5000 2734.7466   13.3985
   -7.5000   30.0000   22.5000 2638.7134   14.2879
    0.0000   30.0000   22.5000 2652.5635   14.2568
    7.5000   30.0000   22.5000 2638.6882   14.4746
   -7.5000   37.5000   22.5000 2523.7966   15.7202
    0.0000   37.5000   22.5000 2535.6853   15.6688
    7.5000   37.5000   22.5000 2518.4924   15.9434
   -7.5000   45.0000   22.5000 2369.3206   17.5751
    0.0000   45.0000   22.5000 2376.4326   17.5025
    7.5000   45.0000   22.5000 2364.4548   17.8049
   -7.5000  -45.0000   30.0000 2595.1836   15.7363
    0.0000  -45.0000   30.0000 2610.7854   15.9412
    7.5000  -45.0000   30.0000 2594.5676   16.0504
   -7.5000  -37.5000   30.0000 2690.7769   14.5694
    0.0000  -37.5000   30.0000 2712.0728   14.7800
    7.5000  -37.5000   30.0000 2689.4187   14.8204
   -7.5000  -30.0000   30.0000 2784.3958   13.7493
    0.0000  -30.0000   30.0000 2799.6990   13.9341
    7.5000  -30.0000   30.0000 2775.8433   13.9292
   -7.5000  -22.5000   30.0000 2873.1643   13.2059
    0.0000  -22.5000   30.0000 2883.2563   13.3730
    7.5000  -22.5000   30.0000 2857.4604   13.2671
   -7.5000  -15.0000   30.0000 2927.9253   12.8108
    0.0000  -15.0000   30.0000 2947.9172   12.9476
    7.5000  -15.0000   30.0000 2901.6155   12.7372
   -7.5000   -7.5000   30.0000 2936.1616   12.3753
    0.0000   -7.5000   30.0000 2950.2874   12.4306
    7.5000   -7.5000   30.0000 2911.0952   12.3955
   -7.5000    0.0000   30.0000 2926.5620   12.3087
    0.0000    0.0000   30.0000 2940.1660   12.3371
    7.5000    0.0000   30.0000 2905.7822   12.4450
   -7.5000    7.5000   30.0000 2887.2271   12.5517
    0.0000    7.5000   30.0000 2903.8892   12.6215
    7.5000    7.5000   30.0000 2872.6233   12.7858
   -7.5000   15.0000   30.0000 2807.6514   12.9755
    0.0000   15.0000   30.0000 2824.8127   13.0680
    7.5000   15.0000   30.0000 2804.2715   13.2761
   -7.5000   22.5000   30.0000 2722.7795   13.6275
    0.0000   22.5000   30.0000 2741.2571   13.6779
    7.5000   22.5000   30.0000 2722.3733   13.9190
   -7.5000   30.0000   30.0000 2615.9465   14.6043
    0.0000   30.0000   30.0000 2631.3523   14.6369
    7.5000   30.0000   30.0000 2613.3555   14.8532
   -7.5000   37.5000   30.0000 2498.8379   15.9648
    0.0000   37.5000   30.0000 2513.2595   15.9265
    7.5000   37.5000   30.0000 2496.4888   16.2116
   -7.5000   45.0000   30.0000 2332.6162   17.7890
    0.0000   45.0000   30.0000 2341.8875   17.6972
    7.5000   45.0000   30.0000 2332.7173   17.9917
   -7.5000  -45.0000   37.5000 2590.7195   16.0434
    0.0000  -45.0000   37.5000 2599.1143   16.1814
    7.5000  -45.0000   37.5000 2585.8909   16.4353
   -7.5000  -37.5000   37.5000 2680.7937   14.8313
    0.0000  -37.5000   37.5000 2695.0781   14.9913
    7.5000  -37.5000   37.5000 2682.5928   15.1612
   -7.5000  -30.0000   37.5000 2764.6812   13.9888
    0.0000  -30.0000   37.5000 2777.9888   14.1309
    7.5000  -30.0000   37.5000 2767.5159   14.2168
   -7.5000  -22.5000   37.5000 2843.8398   13.3962
    0.0000  -22.5000   37.5000 2856.5029   13.5158
    7.5000  -22.5000   37.5000 2839.3252   13.5260
   -7.5000  -15.0000   37.5000 2882.1013   12.9272
    0.0000  -15.0000   37.5000 2899.4856   13.0043
    7.5000  -15.0000   37.5000 2874.6067   12.9928
   -7.5000   -7.5000   37.5000 2894.7441   12.6053
    0.0000   -7.5000   37.5000 2908.1636   12.5773
    7.5000   -7.5000   37.5000 2884.9150   12.7115
   -7.5000    0.0000   37.5000 2892.6533   12.6499
    0.0000    0.0000   37.5000 2904.8704   12.6600
    7.5000    0.0000   37.5000 2880.9790   12.8088
   -7.5000    7.5000   37.5000 2861.4880   13.0072
    0.0000    7.5000   37.5000 2873.0891   13.0035
    7.5000    7.5000   37.5000 2844.2361   13.2014
   -7.5000   15.0000   37.5000 2793.4827   13.5767
    0.0000   15.0000   37.5000 2804.1497   13.5551
    7.5000   15.0000   37.5000 2780.2937   13.7641
   -7.5000   22.5000   37.5000 2706.8125   14.2894
    0.0000   22.5000   37.5000 2716.5713   14.2637
    7.5000   22.5000   37.5000 2701.7295   14.5134
   -7.5000   30.0000   37.5000 2595.9548   15.2906
    0.0000   30.0000   37.5000 2606.1763   15.2733
    7.5000   30.0000   37.5000 2593.5813   15.5416
   -7.5000   37.5000   37.5000 2468.3513   16.5800
    0.0000   37.5000   37.5000 2481.0471   16.5192
    7.5000   37.5000   37.5000 2468.7017   16.8208
   -7.5000   45.0000   37.5000 2298.4182   18.3455
    0.0000   45.0000   37.5000 2302.1150   18.2236
    7.5000   45.0000   37.5000 2302.9453   18.5282
   -7.5000  -45.0000   45.0000 2561.1167   16.4437
    0.0000  -45.0000   45.0000 2564.0537   16.5208
    7.5000  -45.0000   45.0000 2565.7690   16.8860
   -7.5000  -37.5000   45.0000 2656.1223   15.2192
    0.0000  -37.5000   45.0000 2659.0132   15.2860
    7.5000  -37.5000   45.0000 2662.0139   15.5578
   -7.5000  -30.0000   45.0000 2735.1460   14.3352
    0.0000  -30.0000   45.0000 2739.0366   14.4020
    7.5000  -30.0000   45.0000 2740.6609   14.5935
   -7.5000  -22.5000   45.0000 2800.4338   13.6889
    0.0000  -22.5000   45.0000 2806.5098   13.7466
    7.5000  -22.5000   45.0000 2799.4663   13.8924
   -7.5000  -15.0000   45.0000 2829.5244   13.2460
    0.0000  -15.0000   45.0000 2842.9119   13.2364
    7.5000  -15.0000   45.0000 2827.5991   13.3819
   -7.5000   -7.5000   45.0000 2843.6177   13.0016
    0.0000   -7.5000   45.0000 2859.1528   12.9763
    7.5000   -7.5000   45.0000 2837.1345   13.1585
   -7.5000    0.0000   45.0000 2832.3628   13.1234
    0.0000    0.0000   45.0000 2850.4197   13.1386
    7.5000    0.0000   45.0000 2826.4231   13.3174
   -7.5000    7.5000   45.0000 2798.1631   13.5213
    0.0000    7.5000   45.0000 2820.3521   13.5320
    7.5000    7.5000   45.0000 2788.9065   13.7164
   -7.5000   15.0000   45.0000 2739.4265   14.1402
    0.0000   15.0000   45.0000 2752.9934   14.1339
    7.5000   15.0000   45.0000 2726.1206   14.3205
   -7.5000   22.5000   45.0000 2662.6741   14.9277
    0.0000   22.5000   45.0000 2671.1973   14.8617
    7.5000   22.5000   45.0000 2652.8633   15.0943
   -7.5000   30.0000   45.0000 2553.7046   15.9669
    0.0000   30.0000   45.0000 2566.4106   15.9068
    7.5000   30.0000   45.0000 2551.7131   16.1853
   -7.5000   37.5000   45.0000 2414.0779   17.3738
    0.0000   37.5000   45.0000 2425.1702   17.3032
    7.5000   37.5000   45.0000 2416.2717   17.6041
   -7.5000   45.0000   45.0000 2246.4170   19.1305
    0.0000   45.0000   45.0000 2251.0830   19.0349
    7.5000   45.0000   45.0000 2247.9155   19.3814
   -7.5000  -45.0000   52.5000 2522.9580   16.9934
    0.0000  -45.0000   52.5000 2518.3328   17.0295
    7.5000  -45.0000   52.5000 2527.2346   17.4799
   -7.5000  -37.5000   52.5000 2620.0464   15.7143
    0.0000  -37.5000   52.5000 2609.3477   15.7327
    7.5000  -37.5000   52.5000 2620.5400   16.1111
   -7.5000  -30.0000   52.5000 2696.0352   14.7850
    0.0000  -30.0000   52.5000 2684.6506   14.8015
    7.5000  -30.0000   52.5000 2695.2595   15.1146
   -7.5000  -22.5000   52.5000 2744.9988   14.1403
    0.0000  -22.5000   52.5000 2747.9790   14.1589
    7.5000  -22.5000   52.5000 2749.3599   14.4011
   -7.5000  -15.0000   52.5000 2769.4343   13.7735
    0.0000  -15.0000   52.5000 2776.6938   13.7212
    7.5000  -15.0000   52.5000 2777.3918   13.9908
   -7.5000   -7.5000   52.5000 2784.4482   13.5935
    0.0000   -7.5000   52.5000 2794.5442   13.5668
    7.5000   -7.5000   52.5000 2781.6340   13.7799
   -7.5000    0.0000   52.5000 2770.8215   13.7784
    0.0000    0.0000   52.5000 2786.9773   13.7484
    7.5000    0.0000   52.5000 2769.6160   13.9686
   -7.5000    7.5000   52.5000 2732.9143   14.1929
    0.0000    7.5000   52.5000 2752.8542   14.1776
    7.5000    7.5000   52.5000 2730.7734   14.4081
   -7.5000   15.0000   52.5000 2679.3057   14.8308
    0.0000   15.0000   52.5000 2689.1240   14.8153
    7.5000   15.0000   52.5000 2671.1721   15.0482
   -7.5000   22.5000   52.5000 2606.9238   15.6201
    0.0000   22.5000   52.5000 2613.1301   15.5730
    7.5000   22.5000   52.5000 2595.4895   15.8392
   -7.5000   30.0000   52.5000 2492.9363   16.6929
    0.0000   30.0000   52.5000 2501.4031   16.6299
    7.5000   30.0000   52.5000 2489.1394   16.9206
   -7.5000   37.5000   52.5000 2355.3130   18.2467
    0.0000   37.5000   52.5000 2366.0530   18.1771
    7.5000   37.5000   52.5000 2354.9739   18.4528
   -7.5000   45.0000   52.5000 2194.5601   20.0812
    0.0000   45.0000   52.5000 2202.0308   19.9833
    7.5000   45.0000   52.5000 2193.3813   20.3031
   -7.5000  -45.0000   60.0000 2452.1199   17.6317
    0.0000  -45.0000   60.0000 2438.7915   17.5862
    7.5000  -45.0000   60.0000 2454.3733   18.1607
   -7.5000  -37.5000   60.0000 2542.8103   16.3263
    0.0000  -37.5000   60.0000 2525.5386   16.2798
    7.5000  -37.5000   60.0000 2545.4868   16.7450
   -7.5000  -30.0000   60.0000 2606.5166   15.3189
    0.0000  -30.0000   60.0000 2595.9221   15.3098
    7.5000  -30.0000   60.0000 2612.2451   15.7047
   -7.5000  -22.5000   60.0000 2660.8530   14.7011
    0.0000  -22.5000   60.0000 2649.6152   14.6335
    7.5000  -22.5000   60.0000 2663.4500   15.0055
   -7.5000  -15.0000   60.0000 2685.6404   14.3790
    0.0000  -15.0000   60.0000 2680.3479   14.2860
    7.5000  -15.0000   60.0000 2684.8882   14.6432
   -7.5000   -7.5000   60.0000 2691.9165   14.3082
    0.0000   -7.5000   60.0000 2691.2400   14.2410
    7.5000   -7.5000   60.0000 2688.8320   14.4810
   -7.5000    0.0000   60.0000 2671.1208   14.5368
    0.0000    0.0000   60.0000 2678.0496   14.4469
    7.5000    0.0000   60.0000 2674.2004   14.6795
   -7.5000    7.5000   60.0000 2631.7236   14.9847
    0.0000    7.5000   60.0000 2647.8699   14.9135
    7.5000    7.5000   60.0000 2640.8701   15.1571
   -7.5000   15.0000   60.0000 2579.4993   15.6165
    0.0000   15.0000   60.0000 2595.7141   15.5342
    7.5000   15.0000   60.0000 2580.4775   15.8293
   -7.5000   22.5000   60.0000 2514.5696   16.4422
    0.0000   22.5000   60.0000 2519.7827   16.3362
    7.5000   22.5000   60.0000 2501.6580   16.6508
   -7.5000   30.0000   60.0000 2405.0010   17.5397
    0.0000   30.0000   60.0000 2410.3098   17.4216
    7.5000   30.0000   60.0000 2404.2285   17.7281
   -7.5000   37.5000   60.0000 2263.3389   19.1329
    0.0000   37.5000   60.0000 2275.5037   19.0769
    7.5000   37.5000   60.0000 2269.4446   19.3273
   -7.5000   45.0000   60.0000 2118.0605   21.0323
    0.0000   45.0000   60.0000 2127.8809   21.0083
    7.5000   45.0000   60.0000 2121.1094   21.3168

---------------------------------------------------------------------
imgreg_4dfp /Volumes/apps/linux/freesurfer-current/average/711-2C_as_mni_average_305 /Volumes/apps/linux/freesurfer-current/average/711-2B_as_mni_average_305_mask talsrcimg_g11 none talsrcimg_to_711-2C_as_mni_average_305_t4 1283
---------------------------------------------------------------------

$Id: imgreg_4dfp.c,v 1.4 2010/02/27 01:41:53 nicks Exp $
/Volumes/apps/linux/freesurfer-current/average/711-2C_as_mni_average_305.4dfp.img
       256       256       256         1
  1.000000  1.000000  1.000000
orientation T byte_order littleendian
Reading image: /Volumes/apps/linux/freesurfer-current/average/711-2C_as_mni_average_305.4dfp.img
dimensions:      256       256       256
mmppix:       1.0000   -1.0000   -1.0000
center:     128.0000 -129.0000 -129.0000
/Volumes/apps/linux/freesurfer-current/average/711-2B_as_mni_average_305_mask.4dfp.img
       256       256       256         1
  1.000000  1.000000  1.000000
orientation T byte_order littleendian
Reading mask: /Volumes/apps/linux/freesurfer-current/average/711-2B_as_mni_average_305_mask.4dfp.img (2306576 pixels)
talsrcimg_g11.4dfp.img
       256       256       256         1
  1.000000  1.000000  1.000000
orientation T byte_order littleendian
Reading image: talsrcimg_g11.4dfp.img
dimensions:      256       256       256
mmppix:       1.0000   -1.0000   -1.0000
center:     128.0000 -129.0000 -129.0000
rotation matrix determinant  1.000000
$Id: fimgreg.f,v 1.1 2007/05/04 22:33:59 nicks Exp $
image alignment mode   1283 decimal      503 hex
parameters
    0.0000   -7.5000   22.5000    0.0000    0.0000    0.0000
eta,q 0.94724 12.58411
niter,ni,del,rscale     5    3   12.0000    1.2000
parameter  6  0.585542 ->  0.500000 qaram    1.1500
parameters
   -2.1508   -8.7892   20.4753   -0.3987   -1.3554   -3.4500
eta,q 0.95583 12.66577
  0.0601  0.0591  0.0571  0.0511  0.0531  0.0452
  0.0537  0.0550  0.0482  0.0487  0.0476  0.0442
  0.0539  0.0526  0.0472  0.0471  0.0454  0.0444
  0.0560  0.0536  0.0528  0.0471  0.0471  0.0456
  0.0601  0.0568  0.0564  0.0476  0.0508  0.0473
  0.0695  0.0611  0.0624  0.0496  0.0548  0.0499
  0.0814  0.0646  0.0695  0.0523  0.0593  0.0525
niter,ni,del,rscale     5    3   12.0000    1.2000
parameters
   -1.3591   -8.7669   20.8085   -0.3379   -2.2368   -3.1791
eta,q 0.95620 12.73371
  0.0750  0.0569  0.0673  0.0485  0.0532  0.0503
  0.0627  0.0506  0.0548  0.0466  0.0463  0.0473
  0.0505  0.0459  0.0458  0.0452  0.0436  0.0448
  0.0442  0.0440  0.0440  0.0449  0.0449  0.0438
  0.0454  0.0455  0.0505  0.0448  0.0487  0.0446
  0.0520  0.0509  0.0543  0.0460  0.0521  0.0467
  0.0637  0.0565  0.0597  0.0488  0.0568  0.0493
niter,ni,del,rscale     4    3   12.0000    1.2000
parameters
   -1.0029   -8.9373   20.7901   -0.0688   -2.6035   -3.1971
eta,q 0.95633 12.75753
  0.0717  0.0558  0.0637  0.0484  0.0549  0.0496
  0.0597  0.0500  0.0525  0.0460  0.0478  0.0468
  0.0480  0.0456  0.0445  0.0443  0.0438  0.0445
  0.0438  0.0440  0.0440  0.0439  0.0439  0.0437
  0.0468  0.0459  0.0501  0.0440  0.0474  0.0446
  0.0543  0.0514  0.0546  0.0452  0.0515  0.0468
  0.0665  0.0568  0.0608  0.0479  0.0553  0.0497
niter,ni,del,rscale     3    3   12.0000    1.2000
parameters
   -0.8308   -9.1301   20.8254    0.2597   -2.8539   -3.2646
eta,q 0.95634 12.76440
  0.0705  0.0556  0.0638  0.0485  0.0551  0.0495
  0.0585  0.0497  0.0525  0.0460  0.0484  0.0468
  0.0469  0.0454  0.0448  0.0442  0.0440  0.0446
  0.0437  0.0438  0.0438  0.0438  0.0438  0.0437
  0.0473  0.0456  0.0496  0.0439  0.0469  0.0445
  0.0553  0.0513  0.0542  0.0451  0.0513  0.0468
  0.0680  0.0570  0.0604  0.0477  0.0550  0.0498
niter,ni,del,rscale     2    3   12.0000    1.2000
parameters
   -0.7137   -9.3277   20.8907    0.6416   -3.0579   -3.3259
eta,q 0.95622 12.76442
  0.0701  0.0557  0.0637  0.0487  0.0550  0.0495
  0.0581  0.0497  0.0526  0.0462  0.0488  0.0469
  0.0465  0.0454  0.0451  0.0445  0.0443  0.0448
  0.0437  0.0438  0.0438  0.0439  0.0439  0.0438
  0.0474  0.0455  0.0494  0.0439  0.0467  0.0445
  0.0556  0.0513  0.0541  0.0452  0.0511  0.0468
  0.0684  0.0572  0.0601  0.0478  0.0550  0.0500
niter,ni,del,rscale     1    3   12.0000    1.2000
parameters
   -0.6163   -9.5322   20.9730    1.0789   -3.2475   -3.4027
eta,q 0.95608 12.75437
  0.0701  0.0560  0.0636  0.0490  0.0548  0.0496
  0.0578  0.0497  0.0527  0.0465  0.0489  0.0472
  0.0462  0.0454  0.0454  0.0448  0.0445  0.0450
  0.0438  0.0439  0.0439  0.0441  0.0440  0.0439
  0.0476  0.0454  0.0493  0.0441  0.0466  0.0445
  0.0558  0.0514  0.0540  0.0454  0.0509  0.0470
  0.0685  0.0575  0.0600  0.0479  0.0549  0.0503
registration optimization eta report
parameter search radius
    6.0000    6.0000    6.0000    6.0000    6.0000    6.9000
100000*second partial in parameter space
       70.       36.       47.       12.       30.       12.
  0.0701  0.0560  0.0636  0.0490  0.0548  0.0496
  0.0578  0.0497  0.0527  0.0465  0.0489  0.0472
  0.0462  0.0454  0.0454  0.0448  0.0445  0.0450
  0.0438  0.0439  0.0439  0.0441  0.0440  0.0439
  0.0476  0.0454  0.0493  0.0441  0.0466  0.0445
  0.0558  0.0514  0.0540  0.0454  0.0509  0.0470
  0.0685  0.0575  0.0600  0.0479  0.0549  0.0503
   -0.6163   -9.5322   20.9730    1.0789   -3.2475   -3.4027
eta,q 0.95608 12.75437

---------------------------------------------------------------------
imgreg_4dfp /Volumes/apps/linux/freesurfer-current/average/711-2C_as_mni_average_305 /Volumes/apps/linux/freesurfer-current/average/711-2B_as_mni_average_305_mask talsrcimg_g11 none talsrcimg_to_711-2C_as_mni_average_305_t4 3335
---------------------------------------------------------------------

$Id: imgreg_4dfp.c,v 1.4 2010/02/27 01:41:53 nicks Exp $
/Volumes/apps/linux/freesurfer-current/average/711-2C_as_mni_average_305.4dfp.img
       256       256       256         1
  1.000000  1.000000  1.000000
orientation T byte_order littleendian
Reading image: /Volumes/apps/linux/freesurfer-current/average/711-2C_as_mni_average_305.4dfp.img
dimensions:      256       256       256
mmppix:       1.0000   -1.0000   -1.0000
center:     128.0000 -129.0000 -129.0000
/Volumes/apps/linux/freesurfer-current/average/711-2B_as_mni_average_305_mask.4dfp.img
       256       256       256         1
  1.000000  1.000000  1.000000
orientation T byte_order littleendian
Reading mask: /Volumes/apps/linux/freesurfer-current/average/711-2B_as_mni_average_305_mask.4dfp.img (2306576 pixels)
talsrcimg_g11.4dfp.img
       256       256       256         1
  1.000000  1.000000  1.000000
orientation T byte_order littleendian
Reading image: talsrcimg_g11.4dfp.img
dimensions:      256       256       256
mmppix:       1.0000   -1.0000   -1.0000
center:     128.0000 -129.0000 -129.0000
$Id: fimgreg.f,v 1.1 2007/05/04 22:33:59 nicks Exp $
image alignment mode   3335 decimal      D07 hex
parameters
   -0.6163   -9.5322   20.9730   -0.3366   -0.2003   -0.1783
    6.0408    5.5422   -5.9259   -2.2157   -5.6650    1.8798
eta,q 0.95494 12.69814
niter,ni,del,rscale     5    3    5.0000    1.2000
parameter  4  0.609070 ->  0.500000 qaram    1.1500
parameter  5  1.267176 ->  0.500000 qaram    1.1500
parameter  6  0.667183 ->  0.500000 qaram    1.1500
parameter 11  0.519299 ->  0.500000 qaram    1.1500
parameters
   -0.6249   -9.3190   20.8066   -4.4766   -4.3403   -4.3183
    5.3940    5.6892   -6.6829   -3.5837   -9.8050   -1.5719
eta,q 0.96495 12.47881
  0.0490  0.0477  0.0481  0.0429  0.0376  0.0361  0.0375  0.0394  0.0367  0.0368  0.0355  0.0354
  0.0467  0.0463  0.0463  0.0430  0.0386  0.0357  0.0365  0.0378  0.0360  0.0360  0.0353  0.0351
  0.0454  0.0454  0.0452  0.0436  0.0403  0.0360  0.0358  0.0365  0.0356  0.0356  0.0354  0.0351
  0.0451  0.0451  0.0450  0.0450  0.0431  0.0389  0.0357  0.0357  0.0356  0.0356  0.0356  0.0353
  0.0455  0.0452  0.0456  0.0478  0.0471  0.0446  0.0361  0.0356  0.0359  0.0361  0.0359  0.0360
  0.0468  0.0458  0.0470  0.0532  0.0517  0.0533  0.0370  0.0368  0.0364  0.0370  0.0364  0.0370
  0.0490  0.0469  0.0490  0.0609  0.0564  0.0615  0.0383  0.0399  0.0371  0.0383  0.0374  0.0382
niter,ni,del,rscale     7    3    5.0000    1.2000
parameter  2 -1.077739 -> -0.500000 qaram    1.1500
parameter  3  0.777021 ->  0.500000 qaram    1.1500
parameter  5  0.534529 ->  0.500000 qaram    1.3225
parameter 10 -1.487466 -> -0.500000 qaram    1.1500
parameters
   -1.1678   -7.9390   19.4266   -3.5130   -9.1013   -6.7284
    6.2669    6.4816   -5.2638    0.5563   -8.4083   -4.0709
eta,q 0.96980 12.26429
  0.0362  0.0402  0.0325  0.0349  0.0320  0.0343  0.0340  0.0351  0.0334  0.0358  0.0312  0.0305
  0.0354  0.0382  0.0324  0.0339  0.0315  0.0330  0.0331  0.0336  0.0326  0.0342  0.0308  0.0303
  0.0350  0.0364  0.0327  0.0330  0.0315  0.0321  0.0323  0.0325  0.0321  0.0329  0.0306  0.0302
  0.0351  0.0349  0.0334  0.0325  0.0323  0.0314  0.0320  0.0320  0.0319  0.0318  0.0304  0.0303
  0.0356  0.0339  0.0344  0.0322  0.0347  0.0328  0.0320  0.0318  0.0318  0.0309  0.0303  0.0306
  0.0366  0.0332  0.0357  0.0322  0.0387  0.0386  0.0325  0.0323  0.0320  0.0302  0.0304  0.0310
  0.0380  0.0331  0.0375  0.0346  0.0430  0.0486  0.0333  0.0343  0.0325  0.0299  0.0309  0.0317
niter,ni,del,rscale     7    3    5.0000    1.2000
parameter  2 -1.526529 -> -0.500000 qaram    1.3225
parameter 10 -0.981378 -> -0.500000 qaram    1.3225
parameter 12  0.513329 ->  0.500000 qaram    1.1500
parameters
   -1.3906   -6.3520   18.5493   -3.1234  -11.5561   -7.9813
    6.1203    6.1910   -5.0304    5.3173   -8.2861   -8.2109
eta,q 0.97439 12.17200
  0.0318  0.0377  0.0281  0.0296  0.0292  0.0310  0.0292  0.0306  0.0291  0.0332  0.0267  0.0258
  0.0308  0.0349  0.0275  0.0285  0.0280  0.0295  0.0283  0.0292  0.0283  0.0310  0.0263  0.0256
  0.0303  0.0323  0.0272  0.0277  0.0273  0.0282  0.0277  0.0281  0.0278  0.0291  0.0260  0.0256
  0.0302  0.0302  0.0274  0.0272  0.0272  0.0272  0.0276  0.0276  0.0276  0.0276  0.0258  0.0258
  0.0306  0.0284  0.0281  0.0268  0.0280  0.0271  0.0277  0.0276  0.0277  0.0264  0.0258  0.0262
  0.0313  0.0271  0.0291  0.0272  0.0307  0.0306  0.0283  0.0288  0.0281  0.0257  0.0261  0.0268
  0.0325  0.0264  0.0304  0.0300  0.0354  0.0374  0.0294  0.0319  0.0289  0.0258  0.0268  0.0276
niter,ni,del,rscale     7    3    5.0000    1.2000
parameter  2 -0.842430 -> -0.500000 qaram    1.5209
parameters
   -1.2863   -4.5270   17.9021   -3.0680  -12.5722   -8.1132
    5.6174    6.2084   -4.9954    8.3276   -9.1622  -11.6926
eta,q 0.97757 12.17810
  0.0281  0.0350  0.0242  0.0252  0.0267  0.0280  0.0250  0.0269  0.0253  0.0299  0.0233  0.0229
  0.0268  0.0313  0.0235  0.0242  0.0249  0.0262  0.0240  0.0254  0.0242  0.0270  0.0230  0.0225
  0.0259  0.0281  0.0232  0.0235  0.0237  0.0246  0.0234  0.0241  0.0235  0.0247  0.0228  0.0224
  0.0256  0.0256  0.0232  0.0231  0.0231  0.0232  0.0233  0.0233  0.0233  0.0233  0.0226  0.0227
  0.0258  0.0239  0.0237  0.0228  0.0236  0.0223  0.0236  0.0232  0.0235  0.0226  0.0227  0.0232
  0.0265  0.0231  0.0246  0.0231  0.0256  0.0245  0.0244  0.0244  0.0242  0.0231  0.0231  0.0240
  0.0277  0.0233  0.0259  0.0260  0.0297  0.0306  0.0256  0.0278  0.0253  0.0250  0.0239  0.0251
niter,ni,del,rscale     7    3    5.0000    1.2000
parameters
   -1.1968   -3.7146   17.4953   -3.0486  -12.5975   -8.2357
    5.4305    6.3520   -5.0063    9.2236  -10.1024  -13.3869
eta,q 0.97800 12.19796
  0.0252  0.0309  0.0233  0.0241  0.0267  0.0274  0.0242  0.0260  0.0243  0.0275  0.0227  0.0228
  0.0237  0.0270  0.0226  0.0231  0.0246  0.0253  0.0231  0.0242  0.0231  0.0248  0.0223  0.0223
  0.0228  0.0241  0.0221  0.0224  0.0230  0.0235  0.0224  0.0229  0.0224  0.0230  0.0221  0.0220
  0.0224  0.0224  0.0221  0.0221  0.0221  0.0221  0.0221  0.0221  0.0221  0.0221  0.0220  0.0220
  0.0226  0.0221  0.0224  0.0216  0.0222  0.0208  0.0224  0.0220  0.0224  0.0222  0.0221  0.0224
  0.0234  0.0233  0.0232  0.0219  0.0239  0.0231  0.0232  0.0232  0.0231  0.0235  0.0225  0.0230
  0.0248  0.0258  0.0244  0.0252  0.0276  0.0304  0.0245  0.0265  0.0243  0.0259  0.0232  0.0239
niter,ni,del,rscale     6    3    5.0000    1.2000
parameters
   -1.1799   -3.5451   17.2453   -3.1769  -12.5074   -8.5254
    5.4069    6.5717   -4.8458    9.6287  -10.3274  -13.8666
eta,q 0.97789 12.19452
  0.0246  0.0286  0.0232  0.0241  0.0268  0.0273  0.0244  0.0262  0.0244  0.0270  0.0229  0.0233
  0.0231  0.0252  0.0225  0.0230  0.0247  0.0251  0.0232  0.0241  0.0232  0.0244  0.0224  0.0226
  0.0223  0.0229  0.0221  0.0224  0.0230  0.0234  0.0224  0.0228  0.0224  0.0228  0.0222  0.0222
  0.0220  0.0220  0.0220  0.0220  0.0220  0.0220  0.0222  0.0222  0.0221  0.0221  0.0221  0.0221
  0.0223  0.0226  0.0222  0.0215  0.0221  0.0206  0.0224  0.0220  0.0224  0.0225  0.0221  0.0223
  0.0231  0.0245  0.0228  0.0219  0.0237  0.0232  0.0232  0.0231  0.0231  0.0239  0.0224  0.0228
  0.0245  0.0275  0.0239  0.0254  0.0274  0.0312  0.0245  0.0263  0.0242  0.0263  0.0231  0.0236
niter,ni,del,rscale     5    3    5.0000    1.2000
parameters
   -1.1899   -3.4792   17.1498   -3.1495  -12.4812   -8.6339
    5.4221    6.5964   -4.8034    9.7737  -10.3582  -14.0143
eta,q 0.97782 12.19603
  0.0247  0.0283  0.0235  0.0243  0.0268  0.0275  0.0244  0.0261  0.0244  0.0268  0.0230  0.0234
  0.0232  0.0250  0.0227  0.0232  0.0247  0.0253  0.0233  0.0240  0.0232  0.0243  0.0225  0.0227
  0.0224  0.0229  0.0223  0.0225  0.0231  0.0235  0.0225  0.0228  0.0224  0.0227  0.0223  0.0223
  0.0221  0.0221  0.0221  0.0221  0.0221  0.0221  0.0222  0.0222  0.0222  0.0222  0.0222  0.0222
  0.0224  0.0228  0.0223  0.0217  0.0222  0.0207  0.0224  0.0221  0.0224  0.0226  0.0222  0.0223
  0.0233  0.0248  0.0228  0.0220  0.0239  0.0229  0.0232  0.0233  0.0232  0.0241  0.0224  0.0228
  0.0247  0.0278  0.0238  0.0253  0.0276  0.0307  0.0245  0.0267  0.0243  0.0265  0.0231  0.0235
niter,ni,del,rscale     4    3    5.0000    1.2000
parameters
   -1.1948   -3.4561   17.1145   -3.1587  -12.4765   -8.6631
    5.4211    6.6020   -4.7906    9.8259  -10.3844  -14.0730
eta,q 0.97781 12.19575
  0.0247  0.0282  0.0236  0.0243  0.0268  0.0276  0.0244  0.0261  0.0244  0.0267  0.0230  0.0235
  0.0233  0.0250  0.0228  0.0232  0.0248  0.0254  0.0233  0.0240  0.0232  0.0242  0.0225  0.0227
  0.0224  0.0229  0.0224  0.0225  0.0231  0.0236  0.0225  0.0228  0.0225  0.0227  0.0223  0.0223
  0.0222  0.0222  0.0222  0.0222  0.0222  0.0222  0.0222  0.0222  0.0222  0.0222  0.0222  0.0222
  0.0225  0.0229  0.0223  0.0217  0.0223  0.0207  0.0224  0.0221  0.0224  0.0227  0.0222  0.0223
  0.0233  0.0250  0.0228  0.0220  0.0239  0.0228  0.0232  0.0234  0.0232  0.0241  0.0224  0.0228
  0.0247  0.0280  0.0237  0.0254  0.0277  0.0305  0.0245  0.0267  0.0244  0.0266  0.0231  0.0235
niter,ni,del,rscale     3    3    5.0000    1.2000
parameters
   -1.1964   -3.4463   17.1029   -3.1556  -12.4742   -8.6774
    5.4228    6.6093   -4.7838    9.8436  -10.3796  -14.0909
eta,q 0.97780 12.19577
  0.0248  0.0282  0.0236  0.0243  0.0269  0.0276  0.0245  0.0261  0.0244  0.0266  0.0231  0.0235
  0.0233  0.0249  0.0228  0.0232  0.0248  0.0254  0.0233  0.0241  0.0232  0.0242  0.0225  0.0227
  0.0225  0.0228  0.0224  0.0226  0.0232  0.0236  0.0225  0.0228  0.0225  0.0227  0.0223  0.0223
  0.0222  0.0222  0.0222  0.0222  0.0222  0.0222  0.0222  0.0222  0.0222  0.0222  0.0222  0.0222
  0.0225  0.0230  0.0223  0.0218  0.0223  0.0207  0.0224  0.0221  0.0225  0.0227  0.0222  0.0223
  0.0233  0.0250  0.0228  0.0220  0.0239  0.0227  0.0232  0.0234  0.0232  0.0242  0.0225  0.0227
  0.0248  0.0280  0.0237  0.0254  0.0277  0.0304  0.0245  0.0267  0.0244  0.0266  0.0231  0.0235
registration optimization eta report
parameter search radius
    2.4000    3.6501    2.7600    8.2800    9.5220    8.2800
    7.2000    7.2000    7.2000    9.5220    8.2800    8.2800
100000*second partial in parameter space
       45.       44.       20.        4.        6.       11.
        4.        8.        4.        5.        1.        2.
  0.0248  0.0282  0.0236  0.0243  0.0269  0.0276  0.0245  0.0261  0.0244  0.0266  0.0231  0.0235
  0.0233  0.0249  0.0228  0.0232  0.0248  0.0254  0.0233  0.0241  0.0232  0.0242  0.0225  0.0227
  0.0225  0.0228  0.0224  0.0226  0.0232  0.0236  0.0225  0.0228  0.0225  0.0227  0.0223  0.0223
  0.0222  0.0222  0.0222  0.0222  0.0222  0.0222  0.0222  0.0222  0.0222  0.0222  0.0222  0.0222
  0.0225  0.0230  0.0223  0.0218  0.0223  0.0207  0.0224  0.0221  0.0225  0.0227  0.0222  0.0223
  0.0233  0.0250  0.0228  0.0220  0.0239  0.0227  0.0232  0.0234  0.0232  0.0242  0.0225  0.0227
  0.0248  0.0280  0.0237  0.0254  0.0277  0.0304  0.0245  0.0267  0.0244  0.0266  0.0231  0.0235
   -1.1964   -3.4463   17.1029   -3.1556  -12.4742   -8.6774
    5.4228    6.6093   -4.7838    9.8436  -10.3796  -14.0909
eta,q 0.97780 12.19577

---------------------------------------------------------------------
imgreg_4dfp /Volumes/apps/linux/freesurfer-current/average/711-2C_as_mni_average_305 /Volumes/apps/linux/freesurfer-current/average/711-2B_as_mni_average_305_mask talsrcimg_g11 none talsrcimg_to_711-2C_as_mni_average_305_t4 2311
---------------------------------------------------------------------

$Id: imgreg_4dfp.c,v 1.4 2010/02/27 01:41:53 nicks Exp $
/Volumes/apps/linux/freesurfer-current/average/711-2C_as_mni_average_305.4dfp.img
       256       256       256         1
  1.000000  1.000000  1.000000
orientation T byte_order littleendian
Reading image: /Volumes/apps/linux/freesurfer-current/average/711-2C_as_mni_average_305.4dfp.img
dimensions:      256       256       256
mmppix:       1.0000   -1.0000   -1.0000
center:     128.0000 -129.0000 -129.0000
/Volumes/apps/linux/freesurfer-current/average/711-2B_as_mni_average_305_mask.4dfp.img
       256       256       256         1
  1.000000  1.000000  1.000000
orientation T byte_order littleendian
Reading mask: /Volumes/apps/linux/freesurfer-current/average/711-2B_as_mni_average_305_mask.4dfp.img (2306576 pixels)
talsrcimg_g11.4dfp.img
       256       256       256         1
  1.000000  1.000000  1.000000
orientation T byte_order littleendian
Reading image: talsrcimg_g11.4dfp.img
dimensions:      256       256       256
mmppix:       1.0000   -1.0000   -1.0000
center:     128.0000 -129.0000 -129.0000
$Id: fimgreg.f,v 1.1 2007/05/04 22:33:59 nicks Exp $
image alignment mode   2311 decimal      907 hex
parameters
   -1.1964   -3.4463   17.1029   -3.1556  -12.4742   -8.6774
    5.4228    6.6093   -4.7838    9.8436  -10.3796  -14.0909
eta,q 0.97780 12.19578
niter,ni,del,rscale     5    3    5.0000    0.8000
parameter  4 -1.526015 -> -0.500000 qaram    1.1500
parameter  6 -0.565412 -> -0.500000 qaram    1.1500
parameters
   -1.2008   -3.5039   17.1970   -0.3956  -11.5819   -5.9174
    5.2088    6.1978   -5.1425   10.5811  -10.7290  -12.9201
eta,q 0.97987 12.46102
  0.0233  0.0234  0.0227  0.0230  0.0236  0.0247  0.0216  0.0241  0.0213  0.0223  0.0216  0.0214
  0.0227  0.0227  0.0224  0.0226  0.0228  0.0237  0.0208  0.0218  0.0207  0.0213  0.0207  0.0207
  0.0223  0.0223  0.0223  0.0224  0.0221  0.0227  0.0204  0.0205  0.0203  0.0206  0.0202  0.0204
  0.0222  0.0222  0.0222  0.0222  0.0218  0.0217  0.0203  0.0203  0.0202  0.0202  0.0202  0.0202
  0.0223  0.0224  0.0222  0.0220  0.0217  0.0207  0.0205  0.0211  0.0204  0.0202  0.0205  0.0201
  0.0227  0.0228  0.0223  0.0217  0.0220  0.0203  0.0210  0.0229  0.0209  0.0206  0.0211  0.0203
  0.0233  0.0235  0.0226  0.0217  0.0227  0.0218  0.0218  0.0257  0.0217  0.0214  0.0219  0.0206
niter,ni,del,rscale     6    3    5.0000    0.9000
parameters
   -1.1137   -3.6803   17.4660   -2.0945  -11.7941   -7.1194
    5.3623    6.7372   -4.9214    9.8536  -10.8190  -13.3543
eta,q 0.97896 12.34820
  0.0228  0.0216  0.0226  0.0215  0.0221  0.0242  0.0226  0.0244  0.0225  0.0223  0.0216  0.0216
  0.0214  0.0207  0.0212  0.0209  0.0213  0.0230  0.0218  0.0226  0.0218  0.0215  0.0213  0.0212
  0.0205  0.0202  0.0204  0.0205  0.0206  0.0217  0.0213  0.0216  0.0213  0.0211  0.0211  0.0211
  0.0201  0.0201  0.0201  0.0201  0.0204  0.0204  0.0211  0.0211  0.0211  0.0211  0.0210  0.0210
  0.0203  0.0205  0.0202  0.0206  0.0206  0.0208  0.0213  0.0211  0.0212  0.0214  0.0211  0.0211
  0.0210  0.0212  0.0206  0.0231  0.0213  0.0254  0.0217  0.0217  0.0216  0.0221  0.0213  0.0214
  0.0223  0.0223  0.0214  0.0278  0.0226  0.0326  0.0225  0.0234  0.0223  0.0233  0.0216  0.0218
niter,ni,del,rscale     5    3    5.0000    0.8000
parameters
   -1.1288   -3.6229   17.1609   -1.8279  -11.5185   -7.3878
    5.3864    6.7306   -4.9346   10.0830  -11.0125  -13.5811
eta,q 0.97889 12.37120
  0.0223  0.0225  0.0214  0.0222  0.0226  0.0242  0.0222  0.0234  0.0222  0.0225  0.0215  0.0215
  0.0216  0.0217  0.0212  0.0217  0.0218  0.0231  0.0216  0.0221  0.0216  0.0218  0.0213  0.0213
  0.0212  0.0212  0.0210  0.0214  0.0213  0.0221  0.0212  0.0214  0.0212  0.0213  0.0211  0.0212
  0.0210  0.0210  0.0210  0.0210  0.0210  0.0210  0.0211  0.0211  0.0211  0.0211  0.0211  0.0211
  0.0212  0.0212  0.0212  0.0207  0.0210  0.0202  0.0212  0.0212  0.0212  0.0212  0.0211  0.0212
  0.0216  0.0216  0.0215  0.0209  0.0215  0.0221  0.0216  0.0219  0.0216  0.0216  0.0213  0.0213
  0.0223  0.0223  0.0219  0.0225  0.0224  0.0270  0.0222  0.0236  0.0222  0.0223  0.0216  0.0216
niter,ni,del,rscale     4    3    5.0000    0.7000
parameters
   -1.1311   -3.5994   17.0718   -1.3428  -11.4486   -7.1682
    5.3063    6.7100   -4.9567   10.2719  -11.3000  -13.4894
eta,q 0.97913 12.40705
  0.0221  0.0222  0.0215  0.0221  0.0222  0.0239  0.0218  0.0229  0.0217  0.0220  0.0213  0.0213
  0.0215  0.0216  0.0213  0.0217  0.0216  0.0230  0.0213  0.0217  0.0213  0.0214  0.0210  0.0210
  0.0212  0.0212  0.0211  0.0214  0.0212  0.0220  0.0210  0.0211  0.0210  0.0210  0.0209  0.0209
  0.0211  0.0211  0.0211  0.0211  0.0210  0.0210  0.0209  0.0209  0.0209  0.0209  0.0209  0.0209
  0.0212  0.0212  0.0212  0.0208  0.0211  0.0202  0.0210  0.0210  0.0210  0.0209  0.0209  0.0209
  0.0215  0.0216  0.0213  0.0210  0.0215  0.0211  0.0213  0.0217  0.0213  0.0212  0.0211  0.0210
  0.0221  0.0221  0.0216  0.0221  0.0222  0.0248  0.0218  0.0231  0.0218  0.0218  0.0214  0.0212
niter,ni,del,rscale     3    3    5.0000    0.6000
parameters
   -1.1098   -3.6104   17.0546   -1.1036  -11.4095   -6.8368
    5.2125    6.7400   -4.9370   10.3595  -11.5179  -13.3196
eta,q 0.97940 12.42969
  0.0217  0.0216  0.0213  0.0217  0.0217  0.0234  0.0213  0.0224  0.0213  0.0214  0.0210  0.0209
  0.0212  0.0212  0.0210  0.0214  0.0213  0.0225  0.0209  0.0214  0.0209  0.0210  0.0207  0.0208
  0.0210  0.0209  0.0209  0.0212  0.0209  0.0217  0.0207  0.0208  0.0207  0.0207  0.0206  0.0206
  0.0209  0.0209  0.0209  0.0209  0.0208  0.0208  0.0206  0.0206  0.0206  0.0206  0.0206  0.0206
  0.0209  0.0210  0.0209  0.0207  0.0209  0.0201  0.0207  0.0207  0.0207  0.0207  0.0207  0.0206
  0.0212  0.0212  0.0210  0.0209  0.0212  0.0208  0.0209  0.0213  0.0209  0.0209  0.0209  0.0207
  0.0216  0.0217  0.0213  0.0219  0.0217  0.0237  0.0213  0.0224  0.0213  0.0214  0.0211  0.0209
niter,ni,del,rscale     2    3    5.0000    0.5000
parameters
   -1.0914   -3.6308   17.0846   -0.8425  -11.4310   -6.5116
    5.1077    6.7612   -4.9085   10.3895  -11.6336  -13.0961
eta,q 0.97964 12.44569
  0.0212  0.0211  0.0210  0.0213  0.0212  0.0227  0.0208  0.0218  0.0208  0.0210  0.0208  0.0206
  0.0209  0.0208  0.0207  0.0211  0.0209  0.0220  0.0206  0.0210  0.0206  0.0206  0.0205  0.0205
  0.0207  0.0206  0.0206  0.0208  0.0206  0.0213  0.0204  0.0205  0.0204  0.0204  0.0204  0.0204
  0.0206  0.0206  0.0206  0.0206  0.0206  0.0206  0.0204  0.0204  0.0204  0.0204  0.0204  0.0204
  0.0207  0.0207  0.0206  0.0205  0.0206  0.0201  0.0204  0.0205  0.0204  0.0204  0.0204  0.0204
  0.0208  0.0209  0.0207  0.0206  0.0209  0.0206  0.0206  0.0209  0.0206  0.0206  0.0206  0.0204
  0.0212  0.0212  0.0209  0.0214  0.0212  0.0228  0.0209  0.0218  0.0208  0.0209  0.0208  0.0206
niter,ni,del,rscale     1    3    5.0000    0.4000
parameters
   -1.0740   -3.6544   17.1563   -0.6257  -11.4724   -6.1595
    5.0300    6.7600   -4.8828   10.3411  -11.6606  -12.8816
eta,q 0.97984 12.45546
  0.0208  0.0207  0.0207  0.0209  0.0207  0.0221  0.0205  0.0212  0.0205  0.0205  0.0205  0.0204
  0.0206  0.0205  0.0205  0.0207  0.0205  0.0215  0.0203  0.0206  0.0203  0.0203  0.0203  0.0203
  0.0204  0.0204  0.0204  0.0205  0.0204  0.0209  0.0202  0.0203  0.0202  0.0202  0.0202  0.0202
  0.0204  0.0204  0.0204  0.0204  0.0203  0.0203  0.0202  0.0202  0.0202  0.0202  0.0202  0.0202
  0.0204  0.0204  0.0204  0.0203  0.0204  0.0200  0.0202  0.0203  0.0202  0.0202  0.0202  0.0202
  0.0205  0.0205  0.0204  0.0204  0.0205  0.0204  0.0203  0.0206  0.0203  0.0204  0.0203  0.0202
  0.0207  0.0207  0.0206  0.0209  0.0208  0.0218  0.0205  0.0212  0.0205  0.0206  0.0205  0.0203
registration optimization eta report
parameter search radius
    0.8000    0.8000    0.8000    2.7600    2.4000    2.7600
    2.4000    2.4000    2.4000    2.4000    2.4000    2.4000
100000*second partial in parameter space
       63.       56.       42.        8.        8.       22.
        6.       18.        5.        7.        6.        3.
  0.0208  0.0207  0.0207  0.0209  0.0207  0.0221  0.0205  0.0212  0.0205  0.0205  0.0205  0.0204
  0.0206  0.0205  0.0205  0.0207  0.0205  0.0215  0.0203  0.0206  0.0203  0.0203  0.0203  0.0203
  0.0204  0.0204  0.0204  0.0205  0.0204  0.0209  0.0202  0.0203  0.0202  0.0202  0.0202  0.0202
  0.0204  0.0204  0.0204  0.0204  0.0203  0.0203  0.0202  0.0202  0.0202  0.0202  0.0202  0.0202
  0.0204  0.0204  0.0204  0.0203  0.0204  0.0200  0.0202  0.0203  0.0202  0.0202  0.0202  0.0202
  0.0205  0.0205  0.0204  0.0204  0.0205  0.0204  0.0203  0.0206  0.0203  0.0204  0.0203  0.0202
  0.0207  0.0207  0.0206  0.0209  0.0208  0.0218  0.0205  0.0212  0.0205  0.0206  0.0205  0.0203
   -1.0740   -3.6544   17.1563   -0.6257  -11.4724   -6.1595
    5.0300    6.7600   -4.8828   10.3411  -11.6606  -12.8816
eta,q 0.97984 12.45546

---------------------------------------------------------------------
imgreg_4dfp /Volumes/apps/linux/freesurfer-current/average/711-2C_as_mni_average_305 /Volumes/apps/linux/freesurfer-current/average/711-2B_as_mni_average_305_mask talsrcimg_g11 none talsrcimg_to_711-2C_as_mni_average_305_t4 2311
---------------------------------------------------------------------

$Id: imgreg_4dfp.c,v 1.4 2010/02/27 01:41:53 nicks Exp $
/Volumes/apps/linux/freesurfer-current/average/711-2C_as_mni_average_305.4dfp.img
       256       256       256         1
  1.000000  1.000000  1.000000
orientation T byte_order littleendian
Reading image: /Volumes/apps/linux/freesurfer-current/average/711-2C_as_mni_average_305.4dfp.img
dimensions:      256       256       256
mmppix:       1.0000   -1.0000   -1.0000
center:     128.0000 -129.0000 -129.0000
/Volumes/apps/linux/freesurfer-current/average/711-2B_as_mni_average_305_mask.4dfp.img
       256       256       256         1
  1.000000  1.000000  1.000000
orientation T byte_order littleendian
Reading mask: /Volumes/apps/linux/freesurfer-current/average/711-2B_as_mni_average_305_mask.4dfp.img (2306576 pixels)
talsrcimg_g11.4dfp.img
       256       256       256         1
  1.000000  1.000000  1.000000
orientation T byte_order littleendian
Reading image: talsrcimg_g11.4dfp.img
dimensions:      256       256       256
mmppix:       1.0000   -1.0000   -1.0000
center:     128.0000 -129.0000 -129.0000
$Id: fimgreg.f,v 1.1 2007/05/04 22:33:59 nicks Exp $
image alignment mode   2311 decimal      907 hex
parameters
   -1.0740   -3.6544   17.1563   -0.6257  -11.4724   -6.1594
    5.0300    6.7600   -4.8828   10.3411  -11.6606  -12.8816
eta,q 0.97984 12.45546
niter,ni,del,rscale     5    3    5.0000    0.8000
parameters
   -1.0673   -3.6863   17.3561   -1.6105  -11.6537   -6.7673
    5.2793    6.8507   -4.8503   10.0208  -11.2781  -13.3094
eta,q 0.97931 12.39277
  0.0220  0.0215  0.0219  0.0212  0.0218  0.0233  0.0220  0.0235  0.0218  0.0219  0.0215  0.0211
  0.0210  0.0208  0.0209  0.0208  0.0210  0.0224  0.0213  0.0219  0.0212  0.0212  0.0210  0.0209
  0.0204  0.0203  0.0204  0.0205  0.0205  0.0214  0.0209  0.0210  0.0208  0.0208  0.0208  0.0207
  0.0202  0.0202  0.0202  0.0202  0.0203  0.0203  0.0207  0.0207  0.0207  0.0207  0.0207  0.0207
  0.0204  0.0203  0.0202  0.0203  0.0205  0.0202  0.0208  0.0208  0.0208  0.0209  0.0207  0.0208
  0.0209  0.0208  0.0206  0.0214  0.0211  0.0228  0.0211  0.0216  0.0212  0.0214  0.0209  0.0210
  0.0220  0.0217  0.0211  0.0239  0.0221  0.0275  0.0217  0.0234  0.0218  0.0223  0.0212  0.0213
niter,ni,del,rscale     4    3    5.0000    0.7000
parameters
   -1.0781   -3.6445   17.1546   -1.1503  -11.5109   -6.8180
    5.2388    6.7410   -4.9454   10.2460  -11.3793  -13.2833
eta,q 0.97939 12.42133
  0.0217  0.0218  0.0211  0.0215  0.0219  0.0232  0.0215  0.0228  0.0215  0.0218  0.0212  0.0210
  0.0211  0.0212  0.0208  0.0213  0.0212  0.0223  0.0210  0.0215  0.0210  0.0212  0.0208  0.0208
  0.0208  0.0208  0.0207  0.0210  0.0208  0.0215  0.0207  0.0208  0.0207  0.0208  0.0206  0.0206
  0.0207  0.0207  0.0207  0.0207  0.0206  0.0206  0.0206  0.0206  0.0206  0.0206  0.0206  0.0206
  0.0208  0.0208  0.0208  0.0205  0.0207  0.0201  0.0207  0.0208  0.0207  0.0207  0.0207  0.0206
  0.0211  0.0211  0.0211  0.0206  0.0211  0.0212  0.0210  0.0216  0.0210  0.0210  0.0209  0.0208
  0.0217  0.0217  0.0215  0.0215  0.0218  0.0246  0.0216  0.0232  0.0215  0.0216  0.0212  0.0210
niter,ni,del,rscale     3    3    5.0000    0.6000
parameters
   -1.0835   -3.6365   17.1244   -0.8815  -11.4774   -6.5468
    5.1588    6.7248   -4.9426   10.3279  -11.5013  -13.1006
eta,q 0.97961 12.44020
  0.0214  0.0214  0.0211  0.0214  0.0215  0.0228  0.0211  0.0224  0.0211  0.0213  0.0210  0.0208
  0.0210  0.0210  0.0208  0.0211  0.0210  0.0221  0.0207  0.0212  0.0207  0.0208  0.0206  0.0206
  0.0207  0.0207  0.0206  0.0209  0.0207  0.0213  0.0205  0.0206  0.0205  0.0205  0.0204  0.0204
  0.0206  0.0206  0.0206  0.0206  0.0206  0.0206  0.0204  0.0204  0.0204  0.0204  0.0204  0.0204
  0.0207  0.0207  0.0207  0.0205  0.0206  0.0201  0.0205  0.0206  0.0205  0.0205  0.0205  0.0204
  0.0210  0.0209  0.0208  0.0206  0.0209  0.0207  0.0207  0.0212  0.0207  0.0207  0.0207  0.0205
  0.0214  0.0214  0.0211  0.0214  0.0215  0.0230  0.0211  0.0224  0.0211  0.0212  0.0210  0.0207
niter,ni,del,rscale     2    3    5.0000    0.5000
parameters
   -1.0725   -3.6559   17.1715   -0.7028  -11.5004   -6.2398
    5.0777    6.7291   -4.9247   10.3177  -11.5660  -12.9206
eta,q 0.97980 12.45045
  0.0210  0.0209  0.0208  0.0210  0.0210  0.0223  0.0207  0.0218  0.0207  0.0208  0.0207  0.0205
  0.0207  0.0206  0.0206  0.0208  0.0207  0.0217  0.0204  0.0209  0.0204  0.0205  0.0204  0.0203
  0.0205  0.0204  0.0204  0.0206  0.0204  0.0210  0.0203  0.0204  0.0203  0.0203  0.0202  0.0202
  0.0204  0.0204  0.0204  0.0204  0.0204  0.0204  0.0202  0.0202  0.0202  0.0202  0.0202  0.0202
  0.0205  0.0205  0.0204  0.0203  0.0204  0.0200  0.0203  0.0204  0.0203  0.0203  0.0203  0.0202
  0.0207  0.0207  0.0205  0.0205  0.0207  0.0205  0.0205  0.0209  0.0204  0.0205  0.0204  0.0203
  0.0210  0.0210  0.0207  0.0211  0.0210  0.0222  0.0208  0.0218  0.0207  0.0208  0.0207  0.0204
niter,ni,del,rscale     1    3    5.0000    0.4000
parameters
   -1.0631   -3.6807   17.2447   -0.5565  -11.5422   -5.9503
    5.0315    6.7175   -4.8950   10.2650  -11.5706  -12.7665
eta,q 0.97993 12.45583
  0.0206  0.0205  0.0206  0.0207  0.0206  0.0217  0.0204  0.0211  0.0204  0.0205  0.0204  0.0203
  0.0204  0.0204  0.0204  0.0205  0.0204  0.0212  0.0202  0.0205  0.0202  0.0202  0.0202  0.0202
  0.0203  0.0202  0.0202  0.0203  0.0202  0.0206  0.0201  0.0202  0.0201  0.0201  0.0201  0.0201
  0.0202  0.0202  0.0202  0.0202  0.0202  0.0202  0.0201  0.0201  0.0201  0.0201  0.0201  0.0201
  0.0202  0.0203  0.0202  0.0202  0.0202  0.0200  0.0201  0.0202  0.0201  0.0201  0.0201  0.0201
  0.0204  0.0204  0.0203  0.0203  0.0204  0.0203  0.0202  0.0206  0.0202  0.0203  0.0202  0.0201
  0.0206  0.0206  0.0204  0.0207  0.0206  0.0214  0.0204  0.0212  0.0204  0.0205  0.0204  0.0202
registration optimization eta report
parameter search radius
    0.8000    0.8000    0.8000    2.4000    2.4000    2.4000
    2.4000    2.4000    2.4000    2.4000    2.4000    2.4000
100000*second partial in parameter space
       67.       57.       48.        8.        8.       24.
        6.       19.        5.        7.        6.        3.
  0.0206  0.0205  0.0206  0.0207  0.0206  0.0217  0.0204  0.0211  0.0204  0.0205  0.0204  0.0203
  0.0204  0.0204  0.0204  0.0205  0.0204  0.0212  0.0202  0.0205  0.0202  0.0202  0.0202  0.0202
  0.0203  0.0202  0.0202  0.0203  0.0202  0.0206  0.0201  0.0202  0.0201  0.0201  0.0201  0.0201
  0.0202  0.0202  0.0202  0.0202  0.0202  0.0202  0.0201  0.0201  0.0201  0.0201  0.0201  0.0201
  0.0202  0.0203  0.0202  0.0202  0.0202  0.0200  0.0201  0.0202  0.0201  0.0201  0.0201  0.0201
  0.0204  0.0204  0.0203  0.0203  0.0204  0.0203  0.0202  0.0206  0.0202  0.0203  0.0202  0.0201
  0.0206  0.0206  0.0204  0.0207  0.0206  0.0214  0.0204  0.0212  0.0204  0.0205  0.0204  0.0202
   -1.0631   -3.6807   17.2447   -0.5565  -11.5422   -5.9503
    5.0315    6.7175   -4.8950   10.2650  -11.5706  -12.7665
eta,q 0.97993 12.45583

---------------------------------------------------------------------
compute_vox2vox talsrcimg talsrcimg_to_711-2C_as_mni_average_305_t4 /Volumes/apps/linux/freesurfer-current/average/711-2C_as_mni_average_305
---------------------------------------------------------------------

$Id: compute_vox2vox.c,v 1.3 2010/02/27 01:41:53 nicks Exp $
Reading: talsrcimg.4dfp.ifh
Reading: talsrcimg_to_711-2C_as_mni_average_305_t4
Reading: /Volumes/apps/linux/freesurfer-current/average/711-2C_as_mni_average_305.4dfp.ifh
Writing: talsrcimg_to_711-2C_as_mni_average_305_t4_vox2vox.txt

start time Mon Dec 2 13:55:03 CST 2019
end		time Mon Dec 2 13:55:29 CST 2019

mpr2mni305 success

avi2talxfm orig_nu.mgz /Volumes/apps/linux/freesurfer-current/average/mni305.cor.mgz talsrcimg_to_711-2C_as_mni_average_305_t4_vox2vox.txt transforms/talairach.auto.xfm
avi2talxfm done
lta_convert --src orig_nu.mgz --trg /Volumes/apps/linux/freesurfer-current/average/mni305.cor.mgz --inxfm transforms/talairach.auto.xfm --outlta transforms/talairach.auto.xfm.lta --subject fsaverage
$Id: lta_convert.cpp,v 1.10 2016/08/09 02:11:11 zkaufman Exp $

--src: orig_nu.mgz src image (geometry).
--trg: /Volumes/apps/linux/freesurfer-current/average/mni305.cor.mgz trg image (geometry).
--inmni: transforms/talairach.auto.xfm input MNI/XFM transform.
--outlta: transforms/talairach.auto.xfm.lta output LTA.
--s: fsaverage subject name
 LTA read, type : 1
 0.99492  -0.06388  -0.06581   5.54389;
 0.12786   1.03857   0.14262  -46.25220;
 0.04022  -0.12405   1.11029  -17.83038;
 0.00000   0.00000   0.00000   1.00000;
setting subject to fsaverage
Writing  LTA to file transforms/talairach.auto.xfm.lta...
lta_convert successful.
 
 
Started at Mon Dec 2 13:55:02 CST 2019
Ended   at Mon Dec  2 13:55:31 CST 2019
talairach_avi done
