/Volumes/Vol6/YouthPTSD/scripts/sah_scripts/freersurferScripts/_151/mri
/Volumes/apps/linux/freesurfer-current/bin/mri_nu_correct.mni
--i orig.mgz --o nu.mgz --uchar transforms/talairach.xfm --n 2
nIters 2
$Id: mri_nu_correct.mni,v 1.27 2016/02/26 16:19:49 mreuter Exp $
Linux mri-thor 4.15.0-65-generic #74-Ubuntu SMP Tue Sep 17 17:06:04 UTC 2019 x86_64 x86_64 x86_64 GNU/Linux
Mon Dec  2 13:55:34 CST 2019
Program nu_correct, built from:
Package MNI N3, version 1.12.0, compiled by nicks@terrier (x86_64-unknown-linux-gnu) on 2015-06-19 at 01:25:34
Found /dev/shm , will use for temp dir
tmpdir is /dev/shm/tmp.mri_nu_correct.mni.184078
/Volumes/Vol6/YouthPTSD/scripts/sah_scripts/freersurferScripts/_151/mri
mri_convert orig.mgz /dev/shm/tmp.mri_nu_correct.mni.184078/nu0.mnc -odt float
mri_convert orig.mgz /dev/shm/tmp.mri_nu_correct.mni.184078/nu0.mnc -odt float 
$Id: mri_convert.c,v 1.227 2017/02/16 19:15:42 greve Exp $
reading from orig.mgz...
TR=8.16, TE=0.00, TI=0.00, flip angle=0.00
i_ras = (-1, 0, 0)
j_ras = (0, 0, -1)
k_ras = (0, 1, 0)
changing data type from uchar to float (noscale = 0)...
writing to /dev/shm/tmp.mri_nu_correct.mni.184078/nu0.mnc...
 
--------------------------------------------------------
Iteration 1 Mon Dec  2 13:55:37 CST 2019
nu_correct -clobber /dev/shm/tmp.mri_nu_correct.mni.184078/nu0.mnc /dev/shm/tmp.mri_nu_correct.mni.184078/nu1.mnc -tmpdir /dev/shm/tmp.mri_nu_correct.mni.184078/0/
[sheyn@mri-thor:/Volumes/Vol6/YouthPTSD/scripts/sah_scripts/freersurferScripts/_151/mri/] [2019-12-02 13:55:37] running:
  /Volumes/apps/linux/freesurfer-current/mni/bin/nu_estimate_np_and_em -parzen -log -sharpen 0.15 0.01 -iterations 50 -stop 0.001 -shrink 4 -auto_mask -nonotify -b_spline 1.0e-7 -distance 200 -quiet -execute -clobber -nokeeptmp -tmpdir /dev/shm/tmp.mri_nu_correct.mni.184078/0/ /dev/shm/tmp.mri_nu_correct.mni.184078/nu0.mnc /dev/shm/tmp.mri_nu_correct.mni.184078/nu1.imp

Processing:.................................................................Done
Processing:.................................................................Done
Processing:.................................................................Done
Processing:.................................................................Done
Processing:.................................................................Done
Processing:.................................................................Done
Processing:.................................................................Done
Processing:.................................................................Done
Processing:.................................................................Done
Processing:.................................................................Done
Processing:.................................................................Done
Processing:.................................................................Done
Processing:.................................................................Done
Processing:.................................................................Done
Processing:.................................................................Done
Processing:.................................................................Done
Processing:.................................................................Done
Processing:.................................................................Done
Processing:.................................................................Done
Processing:.................................................................Done
Processing:.................................................................Done
Processing:.................................................................Done
Processing:.................................................................Done
Processing:.................................................................Done
Processing:.................................................................Done
Processing:.................................................................Done
Processing:.................................................................Done
Processing:.................................................................Done
Processing:.................................................................Done
Processing:.................................................................Done
Processing:.................................................................Done
Processing:.................................................................Done
Processing:.................................................................Done
Processing:.................................................................Done
Processing:.................................................................Done
Number of iterations: 35 
CV of field change: 0.000977679
 
 
--------------------------------------------------------
Iteration 2 Mon Dec  2 13:56:20 CST 2019
nu_correct -clobber /dev/shm/tmp.mri_nu_correct.mni.184078/nu1.mnc /dev/shm/tmp.mri_nu_correct.mni.184078/nu2.mnc -tmpdir /dev/shm/tmp.mri_nu_correct.mni.184078/1/
[sheyn@mri-thor:/Volumes/Vol6/YouthPTSD/scripts/sah_scripts/freersurferScripts/_151/mri/] [2019-12-02 13:56:20] running:
  /Volumes/apps/linux/freesurfer-current/mni/bin/nu_estimate_np_and_em -parzen -log -sharpen 0.15 0.01 -iterations 50 -stop 0.001 -shrink 4 -auto_mask -nonotify -b_spline 1.0e-7 -distance 200 -quiet -execute -clobber -nokeeptmp -tmpdir /dev/shm/tmp.mri_nu_correct.mni.184078/1/ /dev/shm/tmp.mri_nu_correct.mni.184078/nu1.mnc /dev/shm/tmp.mri_nu_correct.mni.184078/nu2.imp

Processing:.................................................................Done
Processing:.................................................................Done
Processing:.................................................................Done
Processing:.................................................................Done
Processing:.................................................................Done
Processing:.................................................................Done
Processing:.................................................................Done
Processing:.................................................................Done
Processing:.................................................................Done
Processing:.................................................................Done
Processing:.................................................................Done
Processing:.................................................................Done
Processing:.................................................................Done
Processing:.................................................................Done
Processing:.................................................................Done
Processing:.................................................................Done
Processing:.................................................................Done
Processing:.................................................................Done
Processing:.................................................................Done
Number of iterations: 19 
CV of field change: 0.000962051
 
 
 
mri_binarize --i /dev/shm/tmp.mri_nu_correct.mni.184078/nu2.mnc --min -1 --o /dev/shm/tmp.mri_nu_correct.mni.184078/ones.mgz

$Id: mri_binarize.c,v 1.43 2016/06/09 20:46:21 greve Exp $
cwd /Volumes/Vol6/YouthPTSD/scripts/sah_scripts/freersurferScripts/_151/mri
cmdline mri_binarize --i /dev/shm/tmp.mri_nu_correct.mni.184078/nu2.mnc --min -1 --o /dev/shm/tmp.mri_nu_correct.mni.184078/ones.mgz 
sysname  Linux
hostname mri-thor
machine  x86_64
user     sheyn

input      /dev/shm/tmp.mri_nu_correct.mni.184078/nu2.mnc
frame      0
nErode3d   0
nErode2d   0
output     /dev/shm/tmp.mri_nu_correct.mni.184078/ones.mgz
Binarizing based on threshold
min        -1
max        +infinity
binval        1
binvalnot     0
fstart = 0, fend = 0, nframes = 1
Found 16777216 values in range
Counting number of voxels in first frame
Found 16777215 voxels in final mask
Count: 16777215 16777215.000000 16777216 99.999994
mri_binarize done
mri_segstats --id 1 --seg /dev/shm/tmp.mri_nu_correct.mni.184078/ones.mgz --i orig.mgz --sum /dev/shm/tmp.mri_nu_correct.mni.184078/sum.junk --avgwf /dev/shm/tmp.mri_nu_correct.mni.184078/input.mean.dat

$Id: mri_segstats.c,v 1.122 2017/01/23 18:23:14 greve Exp $
cwd 
cmdline mri_segstats --id 1 --seg /dev/shm/tmp.mri_nu_correct.mni.184078/ones.mgz --i orig.mgz --sum /dev/shm/tmp.mri_nu_correct.mni.184078/sum.junk --avgwf /dev/shm/tmp.mri_nu_correct.mni.184078/input.mean.dat 
sysname  Linux
hostname mri-thor
machine  x86_64
user     sheyn
whitesurfname  white
UseRobust  0
Loading /dev/shm/tmp.mri_nu_correct.mni.184078/ones.mgz
Loading orig.mgz
Voxel Volume is 1 mm^3
Generating list of segmentation ids
Found   1 segmentations
Computing statistics for each segmentation

Reporting on   1 segmentations
Using PrintSegStat
Computing spatial average of each frame
  0
Writing to /dev/shm/tmp.mri_nu_correct.mni.184078/input.mean.dat
mri_segstats done
mri_segstats --id 1 --seg /dev/shm/tmp.mri_nu_correct.mni.184078/ones.mgz --i /dev/shm/tmp.mri_nu_correct.mni.184078/nu2.mnc --sum /dev/shm/tmp.mri_nu_correct.mni.184078/sum.junk --avgwf /dev/shm/tmp.mri_nu_correct.mni.184078/output.mean.dat

$Id: mri_segstats.c,v 1.122 2017/01/23 18:23:14 greve Exp $
cwd 
cmdline mri_segstats --id 1 --seg /dev/shm/tmp.mri_nu_correct.mni.184078/ones.mgz --i /dev/shm/tmp.mri_nu_correct.mni.184078/nu2.mnc --sum /dev/shm/tmp.mri_nu_correct.mni.184078/sum.junk --avgwf /dev/shm/tmp.mri_nu_correct.mni.184078/output.mean.dat 
sysname  Linux
hostname mri-thor
machine  x86_64
user     sheyn
whitesurfname  white
UseRobust  0
Loading /dev/shm/tmp.mri_nu_correct.mni.184078/ones.mgz
Loading /dev/shm/tmp.mri_nu_correct.mni.184078/nu2.mnc
Voxel Volume is 1 mm^3
Generating list of segmentation ids
Found   1 segmentations
Computing statistics for each segmentation

Reporting on   1 segmentations
Using PrintSegStat
Computing spatial average of each frame
  0
Writing to /dev/shm/tmp.mri_nu_correct.mni.184078/output.mean.dat
mri_segstats done
mris_calc -o /dev/shm/tmp.mri_nu_correct.mni.184078/nu2.mnc /dev/shm/tmp.mri_nu_correct.mni.184078/nu2.mnc mul 1.01344350462034909304
mri_convert /dev/shm/tmp.mri_nu_correct.mni.184078/nu2.mnc nu.mgz --like orig.mgz
mri_convert /dev/shm/tmp.mri_nu_correct.mni.184078/nu2.mnc nu.mgz --like orig.mgz 
$Id: mri_convert.c,v 1.227 2017/02/16 19:15:42 greve Exp $
reading from /dev/shm/tmp.mri_nu_correct.mni.184078/nu2.mnc...
TR=0.00, TE=0.00, TI=0.00, flip angle=0.00
i_ras = (-1, 0, 0)
j_ras = (0, 0, -1)
k_ras = (0, 1, 0)
INFO: transform src into the like-volume: orig.mgz
writing to nu.mgz...
mri_make_uchar nu.mgz transforms/talairach.xfm nu.mgz
type change took 0 minutes and 9 seconds.
mapping ( 5, 95) to ( 3, 110)
 
 
Mon Dec  2 13:57:38 CST 2019
mri_nu_correct.mni done
